Expression	Value	Location	Type	
UserEQ	<array>	0x2000A280	EQ_STRUCT[8][8]	
b0L	Error (col 1): Unknown or ambiguous symbol. b0L			
b1L	Error (col 1): Unknown or ambiguous symbol. b1L			
b2L	Error (col 1): Unknown or ambiguous symbol. b2L			
a1L	Error (col 1): Unknown or ambiguous symbol. a1L			
a2L	Error (col 1): Unknown or ambiguous symbol. a2L			
bql	Error (col 1): Unknown or ambiguous symbol. bql			
gDATABUF	<array>	0x20009280	uint8_t[2][2048]	
[0]	<array>"KSM"	0x20009280	uint8_t[2048]	
[0]	0x4B	0x20009280	uint8_t	
[1]	0x53	0x20009281	uint8_t	
[2]	0x4D	0x20009282	uint8_t	
[3]	0x00	0x20009283	uint8_t	
[4]	0x46	0x20009284	uint8_t	
[5]	0x57	0x20009285	uint8_t	
[6]	0x44	0x20009286	uint8_t	
[7]	0x41	0x20009287	uint8_t	
[8]	0x54	0x20009288	uint8_t	
[9]	0x41	0x20009289	uint8_t	
[10]	0x00	0x2000928A	uint8_t	
[11]	0x30	0x2000928B	uint8_t	
[12]	0x2C	0x2000928C	uint8_t	
[13]	0x31	0x2000928D	uint8_t	
[14]	0x30	0x2000928E	uint8_t	
[15]	0x32	0x2000928F	uint8_t	
[16]	0x34	0x20009290	uint8_t	
[17]	0x2C	0x20009291	uint8_t	
[18]	0x38	0x20009292	uint8_t	
[19]	0x30	0x20009293	uint8_t	
[20]	0x34	0x20009294	uint8_t	
[21]	0x30	0x20009295	uint8_t	
[22]	0x38	0x20009296	uint8_t	
[23]	0x39	0x20009297	uint8_t	
[24]	0x39	0x20009298	uint8_t	
[25]	0x33	0x20009299	uint8_t	
[26]	0x32	0x2000929A	uint8_t	
[27]	0x00	0x2000929B	uint8_t	
[28]	0x78	0x2000929C	uint8_t	
[29]	0x12	0x2000929D	uint8_t	
[30]	0x00	0x2000929E	uint8_t	
[31]	0x20	0x2000929F	uint8_t	
[32]	0x11	0x200092A0	uint8_t	
[33]	0x68	0x200092A1	uint8_t	
[34]	0x01	0x200092A2	uint8_t	
[35]	0x08	0x200092A3	uint8_t	
[36]	0x51	0x200092A4	uint8_t	
[37]	0x65	0x200092A5	uint8_t	
[38]	0x01	0x200092A6	uint8_t	
[39]	0x08	0x200092A7	uint8_t	
[40]	0x53	0x200092A8	uint8_t	
[41]	0x65	0x200092A9	uint8_t	
[42]	0x01	0x200092AA	uint8_t	
[43]	0x08	0x200092AB	uint8_t	
[44]	0x5B	0x200092AC	uint8_t	
[45]	0x65	0x200092AD	uint8_t	
[46]	0x01	0x200092AE	uint8_t	
[47]	0x08	0x200092AF	uint8_t	
[48]	0x5D	0x200092B0	uint8_t	
[49]	0x65	0x200092B1	uint8_t	
[50]	0x01	0x200092B2	uint8_t	
[51]	0x08	0x200092B3	uint8_t	
[52]	0x5F	0x200092B4	uint8_t	
[53]	0x65	0x200092B5	uint8_t	
[54]	0x01	0x200092B6	uint8_t	
[55]	0x08	0x200092B7	uint8_t	
[56]	0x00	0x200092B8	uint8_t	
[57]	0x00	0x200092B9	uint8_t	
[58]	0x00	0x200092BA	uint8_t	
[59]	0x00	0x200092BB	uint8_t	
[60]	0x00	0x200092BC	uint8_t	
[61]	0x00	0x200092BD	uint8_t	
[62]	0x00	0x200092BE	uint8_t	
[63]	0x00	0x200092BF	uint8_t	
[64]	0x00	0x200092C0	uint8_t	
[65]	0x00	0x200092C1	uint8_t	
[66]	0x00	0x200092C2	uint8_t	
[67]	0x00	0x200092C3	uint8_t	
[68]	0x00	0x200092C4	uint8_t	
[69]	0x00	0x200092C5	uint8_t	
[70]	0x00	0x200092C6	uint8_t	
[71]	0x00	0x200092C7	uint8_t	
[72]	0x61	0x200092C8	uint8_t	
[73]	0x65	0x200092C9	uint8_t	
[74]	0x01	0x200092CA	uint8_t	
[75]	0x08	0x200092CB	uint8_t	
[76]	0x63	0x200092CC	uint8_t	
[77]	0x65	0x200092CD	uint8_t	
[78]	0x01	0x200092CE	uint8_t	
[79]	0x08	0x200092CF	uint8_t	
[80]	0x00	0x200092D0	uint8_t	
[81]	0x00	0x200092D1	uint8_t	
[82]	0x00	0x200092D2	uint8_t	
[83]	0x00	0x200092D3	uint8_t	
[84]	0x65	0x200092D4	uint8_t	
[85]	0x65	0x200092D5	uint8_t	
[86]	0x01	0x200092D6	uint8_t	
[87]	0x08	0x200092D7	uint8_t	
[88]	0x67	0x200092D8	uint8_t	
[89]	0x65	0x200092D9	uint8_t	
[90]	0x01	0x200092DA	uint8_t	
[91]	0x08	0x200092DB	uint8_t	
[92]	0xE1	0x200092DC	uint8_t	
[93]	0x68	0x200092DD	uint8_t	
[94]	0x01	0x200092DE	uint8_t	
[95]	0x08	0x200092DF	uint8_t	
[96]	0xE5	0x200092E0	uint8_t	
[97]	0x68	0x200092E1	uint8_t	
[98]	0x01	0x200092E2	uint8_t	
[99]	0x08	0x200092E3	uint8_t	
[100]	0xE9	0x200092E4	uint8_t	
[101]	0x68	0x200092E5	uint8_t	
[102]	0x01	0x200092E6	uint8_t	
[103]	0x08	0x200092E7	uint8_t	
[104]	0xED	0x200092E8	uint8_t	
[105]	0x68	0x200092E9	uint8_t	
[106]	0x01	0x200092EA	uint8_t	
[107]	0x08	0x200092EB	uint8_t	
[108]	0xF1	0x200092EC	uint8_t	
[109]	0x68	0x200092ED	uint8_t	
[110]	0x01	0x200092EE	uint8_t	
[111]	0x08	0x200092EF	uint8_t	
[112]	0xF5	0x200092F0	uint8_t	
[113]	0x68	0x200092F1	uint8_t	
[114]	0x01	0x200092F2	uint8_t	
[115]	0x08	0x200092F3	uint8_t	
[116]	0xF9	0x200092F4	uint8_t	
[117]	0x68	0x200092F5	uint8_t	
[118]	0x01	0x200092F6	uint8_t	
[119]	0x08	0x200092F7	uint8_t	
[120]	0xFD	0x200092F8	uint8_t	
[121]	0x68	0x200092F9	uint8_t	
[122]	0x01	0x200092FA	uint8_t	
[123]	0x08	0x200092FB	uint8_t	
[124]	0x01	0x200092FC	uint8_t	
[125]	0x69	0x200092FD	uint8_t	
[126]	0x01	0x200092FE	uint8_t	
[127]	0x08	0x200092FF	uint8_t	
[128]	0x05	0x20009300	uint8_t	
[129]	0x69	0x20009301	uint8_t	
[130]	0x01	0x20009302	uint8_t	
[131]	0x08	0x20009303	uint8_t	
[132]	0x09	0x20009304	uint8_t	
[133]	0x69	0x20009305	uint8_t	
[134]	0x01	0x20009306	uint8_t	
[135]	0x08	0x20009307	uint8_t	
[136]	0x9F	0x20009308	uint8_t	
[137]	0xF0	0x20009309	uint8_t	
[138]	0x00	0x2000930A	uint8_t	
[139]	0x08	0x2000930B	uint8_t	
[140]	0x0D	0x2000930C	uint8_t	
[141]	0x69	0x2000930D	uint8_t	
[142]	0x01	0x2000930E	uint8_t	
[143]	0x08	0x2000930F	uint8_t	
[144]	0x11	0x20009310	uint8_t	
[145]	0x69	0x20009311	uint8_t	
[146]	0x01	0x20009312	uint8_t	
[147]	0x08	0x20009313	uint8_t	
[148]	0x15	0x20009314	uint8_t	
[149]	0x69	0x20009315	uint8_t	
[150]	0x01	0x20009316	uint8_t	
[151]	0x08	0x20009317	uint8_t	
[152]	0x19	0x20009318	uint8_t	
[153]	0x69	0x20009319	uint8_t	
[154]	0x01	0x2000931A	uint8_t	
[155]	0x08	0x2000931B	uint8_t	
[156]	0x1D	0x2000931C	uint8_t	
[157]	0x69	0x2000931D	uint8_t	
[158]	0x01	0x2000931E	uint8_t	
[159]	0x08	0x2000931F	uint8_t	
[160]	0x21	0x20009320	uint8_t	
[161]	0x69	0x20009321	uint8_t	
[162]	0x01	0x20009322	uint8_t	
[163]	0x08	0x20009323	uint8_t	
[164]	0x87	0x20009324	uint8_t	
[165]	0xF0	0x20009325	uint8_t	
[166]	0x00	0x20009326	uint8_t	
[167]	0x08	0x20009327	uint8_t	
[168]	0x25	0x20009328	uint8_t	
[169]	0x69	0x20009329	uint8_t	
[170]	0x01	0x2000932A	uint8_t	
[171]	0x08	0x2000932B	uint8_t	
[172]	0x29	0x2000932C	uint8_t	
[173]	0x69	0x2000932D	uint8_t	
[174]	0x01	0x2000932E	uint8_t	
[175]	0x08	0x2000932F	uint8_t	
[176]	0x2D	0x20009330	uint8_t	
[177]	0x69	0x20009331	uint8_t	
[178]	0x01	0x20009332	uint8_t	
[179]	0x08	0x20009333	uint8_t	
[180]	0x31	0x20009334	uint8_t	
[181]	0x69	0x20009335	uint8_t	
[182]	0x01	0x20009336	uint8_t	
[183]	0x08	0x20009337	uint8_t	
[184]	0x35	0x20009338	uint8_t	
[185]	0x69	0x20009339	uint8_t	
[186]	0x01	0x2000933A	uint8_t	
[187]	0x08	0x2000933B	uint8_t	
[188]	0x39	0x2000933C	uint8_t	
[189]	0x69	0x2000933D	uint8_t	
[190]	0x01	0x2000933E	uint8_t	
[191]	0x08	0x2000933F	uint8_t	
[192]	0xF1	0x20009340	uint8_t	
[193]	0xEC	0x20009341	uint8_t	
[194]	0x00	0x20009342	uint8_t	
[195]	0x08	0x20009343	uint8_t	
[196]	0x3D	0x20009344	uint8_t	
[197]	0x69	0x20009345	uint8_t	
[198]	0x01	0x20009346	uint8_t	
[199]	0x08	0x20009347	uint8_t	
[200]	0x41	0x20009348	uint8_t	
[201]	0x69	0x20009349	uint8_t	
[202]	0x01	0x2000934A	uint8_t	
[203]	0x08	0x2000934B	uint8_t	
[204]	0x57	0x2000934C	uint8_t	
[205]	0xED	0x2000934D	uint8_t	
[206]	0x00	0x2000934E	uint8_t	
[207]	0x08	0x2000934F	uint8_t	
[208]	0x45	0x20009350	uint8_t	
[209]	0x69	0x20009351	uint8_t	
[210]	0x01	0x20009352	uint8_t	
[211]	0x08	0x20009353	uint8_t	
[212]	0x49	0x20009354	uint8_t	
[213]	0x69	0x20009355	uint8_t	
[214]	0x01	0x20009356	uint8_t	
[215]	0x08	0x20009357	uint8_t	
[216]	0x4D	0x20009358	uint8_t	
[217]	0x69	0x20009359	uint8_t	
[218]	0x01	0x2000935A	uint8_t	
[219]	0x08	0x2000935B	uint8_t	
[220]	0x51	0x2000935C	uint8_t	
[221]	0x69	0x2000935D	uint8_t	
[222]	0x01	0x2000935E	uint8_t	
[223]	0x08	0x2000935F	uint8_t	
[224]	0x55	0x20009360	uint8_t	
[225]	0x69	0x20009361	uint8_t	
[226]	0x01	0x20009362	uint8_t	
[227]	0x08	0x20009363	uint8_t	
[228]	0x59	0x20009364	uint8_t	
[229]	0x69	0x20009365	uint8_t	
[230]	0x01	0x20009366	uint8_t	
[231]	0x08	0x20009367	uint8_t	
[232]	0x5D	0x20009368	uint8_t	
[233]	0x69	0x20009369	uint8_t	
[234]	0x01	0x2000936A	uint8_t	
[235]	0x08	0x2000936B	uint8_t	
[236]	0x61	0x2000936C	uint8_t	
[237]	0x69	0x2000936D	uint8_t	
[238]	0x01	0x2000936E	uint8_t	
[239]	0x08	0x2000936F	uint8_t	
[240]	0x65	0x20009370	uint8_t	
[241]	0x69	0x20009371	uint8_t	
[242]	0x01	0x20009372	uint8_t	
[243]	0x08	0x20009373	uint8_t	
[244]	0x69	0x20009374	uint8_t	
[245]	0x69	0x20009375	uint8_t	
[246]	0x01	0x20009376	uint8_t	
[247]	0x08	0x20009377	uint8_t	
[248]	0x6D	0x20009378	uint8_t	
[249]	0x69	0x20009379	uint8_t	
[250]	0x01	0x2000937A	uint8_t	
[251]	0x08	0x2000937B	uint8_t	
[252]	0x7D	0x2000937C	uint8_t	
[253]	0x65	0x2000937D	uint8_t	
[254]	0x01	0x2000937E	uint8_t	
[255]	0x08	0x2000937F	uint8_t	
[256]	0x71	0x20009380	uint8_t	
[257]	0x69	0x20009381	uint8_t	
[258]	0x01	0x20009382	uint8_t	
[259]	0x08	0x20009383	uint8_t	
[260]	0x75	0x20009384	uint8_t	
[261]	0x69	0x20009385	uint8_t	
[262]	0x01	0x20009386	uint8_t	
[263]	0x08	0x20009387	uint8_t	
[264]	0x00	0x20009388	uint8_t	
[265]	0x00	0x20009389	uint8_t	
[266]	0x00	0x2000938A	uint8_t	
[267]	0x00	0x2000938B	uint8_t	
[268]	0x00	0x2000938C	uint8_t	
[269]	0x00	0x2000938D	uint8_t	
[270]	0x00	0x2000938E	uint8_t	
[271]	0x00	0x2000938F	uint8_t	
[272]	0x00	0x20009390	uint8_t	
[273]	0x00	0x20009391	uint8_t	
[274]	0x00	0x20009392	uint8_t	
[275]	0x00	0x20009393	uint8_t	
[276]	0x00	0x20009394	uint8_t	
[277]	0x00	0x20009395	uint8_t	
[278]	0x00	0x20009396	uint8_t	
[279]	0x00	0x20009397	uint8_t	
[280]	0x00	0x20009398	uint8_t	
[281]	0x00	0x20009399	uint8_t	
[282]	0x00	0x2000939A	uint8_t	
[283]	0x00	0x2000939B	uint8_t	
[284]	0x00	0x2000939C	uint8_t	
[285]	0x00	0x2000939D	uint8_t	
[286]	0x00	0x2000939E	uint8_t	
[287]	0x00	0x2000939F	uint8_t	
[288]	0x00	0x200093A0	uint8_t	
[289]	0x00	0x200093A1	uint8_t	
[290]	0x00	0x200093A2	uint8_t	
[291]	0x00	0x200093A3	uint8_t	
[292]	0x79	0x200093A4	uint8_t	
[293]	0x69	0x200093A5	uint8_t	
[294]	0x01	0x200093A6	uint8_t	
[295]	0x08	0x200093A7	uint8_t	
[296]	0x7D	0x200093A8	uint8_t	
[297]	0x69	0x200093A9	uint8_t	
[298]	0x01	0x200093AA	uint8_t	
[299]	0x08	0x200093AB	uint8_t	
[300]	0x81	0x200093AC	uint8_t	
[301]	0x69	0x200093AD	uint8_t	
[302]	0x01	0x200093AE	uint8_t	
[303]	0x08	0x200093AF	uint8_t	
[304]	0x85	0x200093B0	uint8_t	
[305]	0x69	0x200093B1	uint8_t	
[306]	0x01	0x200093B2	uint8_t	
[307]	0x08	0x200093B3	uint8_t	
[308]	0x89	0x200093B4	uint8_t	
[309]	0x69	0x200093B5	uint8_t	
[310]	0x01	0x200093B6	uint8_t	
[311]	0x08	0x200093B7	uint8_t	
[312]	0x8D	0x200093B8	uint8_t	
[313]	0x69	0x200093B9	uint8_t	
[314]	0x01	0x200093BA	uint8_t	
[315]	0x08	0x200093BB	uint8_t	
[316]	0x91	0x200093BC	uint8_t	
[317]	0x69	0x200093BD	uint8_t	
[318]	0x01	0x200093BE	uint8_t	
[319]	0x08	0x200093BF	uint8_t	
[320]	0x95	0x200093C0	uint8_t	
[321]	0x69	0x200093C1	uint8_t	
[322]	0x01	0x200093C2	uint8_t	
[323]	0x08	0x200093C3	uint8_t	
[324]	0x99	0x200093C4	uint8_t	
[325]	0x69	0x200093C5	uint8_t	
[326]	0x01	0x200093C6	uint8_t	
[327]	0x08	0x200093C7	uint8_t	
[328]	0x9D	0x200093C8	uint8_t	
[329]	0x69	0x200093C9	uint8_t	
[330]	0x01	0x200093CA	uint8_t	
[331]	0x08	0x200093CB	uint8_t	
[332]	0xA1	0x200093CC	uint8_t	
[333]	0x69	0x200093CD	uint8_t	
[334]	0x01	0x200093CE	uint8_t	
[335]	0x08	0x200093CF	uint8_t	
[336]	0xA5	0x200093D0	uint8_t	
[337]	0x69	0x200093D1	uint8_t	
[338]	0x01	0x200093D2	uint8_t	
[339]	0x08	0x200093D3	uint8_t	
[340]	0xA9	0x200093D4	uint8_t	
[341]	0x69	0x200093D5	uint8_t	
[342]	0x01	0x200093D6	uint8_t	
[343]	0x08	0x200093D7	uint8_t	
[344]	0xAD	0x200093D8	uint8_t	
[345]	0x69	0x200093D9	uint8_t	
[346]	0x01	0x200093DA	uint8_t	
[347]	0x08	0x200093DB	uint8_t	
[348]	0xB1	0x200093DC	uint8_t	
[349]	0x69	0x200093DD	uint8_t	
[350]	0x01	0x200093DE	uint8_t	
[351]	0x08	0x200093DF	uint8_t	
[352]	0xB5	0x200093E0	uint8_t	
[353]	0x69	0x200093E1	uint8_t	
[354]	0x01	0x200093E2	uint8_t	
[355]	0x08	0x200093E3	uint8_t	
[356]	0xB9	0x200093E4	uint8_t	
[357]	0x69	0x200093E5	uint8_t	
[358]	0x01	0x200093E6	uint8_t	
[359]	0x08	0x200093E7	uint8_t	
[360]	0x6F	0x200093E8	uint8_t	
[361]	0x65	0x200093E9	uint8_t	
[362]	0x01	0x200093EA	uint8_t	
[363]	0x08	0x200093EB	uint8_t	
[364]	0x00	0x200093EC	uint8_t	
[365]	0x00	0x200093ED	uint8_t	
[366]	0x00	0x200093EE	uint8_t	
[367]	0x02	0x200093EF	uint8_t	
[368]	0x0C	0x200093F0	uint8_t	
[369]	0x00	0x200093F1	uint8_t	
[370]	0xDC	0x200093F2	uint8_t	
[371]	0xDC	0x200093F3	uint8_t	
[372]	0x0D	0x200093F4	uint8_t	
[373]	0x00	0x200093F5	uint8_t	
[374]	0xFF	0x200093F6	uint8_t	
[375]	0xD2	0x200093F7	uint8_t	
[376]	0x0D	0x200093F8	uint8_t	
[377]	0x00	0x200093F9	uint8_t	
[378]	0xFF	0x200093FA	uint8_t	
[379]	0xD0	0x200093FB	uint8_t	
[380]	0x0D	0x200093FC	uint8_t	
[381]	0x00	0x200093FD	uint8_t	
[382]	0xF4	0x200093FE	uint8_t	
[383]	0x50	0x200093FF	uint8_t	
[384]	0x0D	0x20009400	uint8_t	
[385]	0x00	0x20009401	uint8_t	
[386]	0xF4	0x20009402	uint8_t	
[387]	0x00	0x20009403	uint8_t	
[388]	0xC0	0x20009404	uint8_t	
[389]	0x00	0x20009405	uint8_t	
[390]	0x23	0x20009406	uint8_t	
[391]	0x80	0x20009407	uint8_t	
[392]	0x80	0x20009408	uint8_t	
[393]	0x00	0x20009409	uint8_t	
[394]	0x00	0x2000940A	uint8_t	
[395]	0x00	0x2000940B	uint8_t	
[396]	0xC0	0x2000940C	uint8_t	
[397]	0x00	0x2000940D	uint8_t	
[398]	0x23	0x2000940E	uint8_t	
[399]	0x00	0x2000940F	uint8_t	
[400]	0x80	0x20009410	uint8_t	
[401]	0x00	0x20009411	uint8_t	
[402]	0x00	0x20009412	uint8_t	
[403]	0x00	0x20009413	uint8_t	
[404]	0xC0	0x20009414	uint8_t	
[405]	0x00	0x20009415	uint8_t	
[406]	0x23	0x20009416	uint8_t	
[407]	0xC0	0x20009417	uint8_t	
[408]	0x80	0x20009418	uint8_t	
[409]	0x00	0x20009419	uint8_t	
[410]	0x00	0x2000941A	uint8_t	
[411]	0x54	0x2000941B	uint8_t	
[412]	0xC0	0x2000941C	uint8_t	
[413]	0x00	0x2000941D	uint8_t	
[414]	0x22	0x2000941E	uint8_t	
[415]	0x00	0x2000941F	uint8_t	
[416]	0x80	0x20009420	uint8_t	
[417]	0x00	0x20009421	uint8_t	
[418]	0x00	0x20009422	uint8_t	
[419]	0x00	0x20009423	uint8_t	
[420]	0x08	0x20009424	uint8_t	
[421]	0x80	0x20009425	uint8_t	
[422]	0xDC	0x20009426	uint8_t	
[423]	0xE0	0x20009427	uint8_t	
[424]	0x0C	0x20009428	uint8_t	
[425]	0x00	0x20009429	uint8_t	
[426]	0xDC	0x2000942A	uint8_t	
[427]	0xDC	0x2000942B	uint8_t	
[428]	0x0A	0x2000942C	uint8_t	
[429]	0x21	0x2000942D	uint8_t	
[430]	0x00	0x2000942E	uint8_t	
[431]	0x56	0x2000942F	uint8_t	
[432]	0x08	0x20009430	uint8_t	
[433]	0x00	0x20009431	uint8_t	
[434]	0x00	0x20009432	uint8_t	
[435]	0x54	0x20009433	uint8_t	
[436]	0x01	0x20009434	uint8_t	
[437]	0x00	0x20009435	uint8_t	
[438]	0x00	0x20009436	uint8_t	
[439]	0x14	0x20009437	uint8_t	
[440]	0x06	0x20009438	uint8_t	
[441]	0x40	0x20009439	uint8_t	
[442]	0x40	0x2000943A	uint8_t	
[443]	0x10	0x2000943B	uint8_t	
[444]	0x0A	0x2000943C	uint8_t	
[445]	0x21	0x2000943D	uint8_t	
[446]	0x00	0x2000943E	uint8_t	
[447]	0x5A	0x2000943F	uint8_t	
[448]	0x08	0x20009440	uint8_t	
[449]	0x00	0x20009441	uint8_t	
[450]	0x00	0x20009442	uint8_t	
[451]	0x58	0x20009443	uint8_t	
[452]	0x01	0x20009444	uint8_t	
[453]	0x00	0x20009445	uint8_t	
[454]	0x00	0x20009446	uint8_t	
[455]	0x18	0x20009447	uint8_t	
[456]	0x06	0x20009448	uint8_t	
[457]	0x40	0x20009449	uint8_t	
[458]	0x50	0x2000944A	uint8_t	
[459]	0x10	0x2000944B	uint8_t	
[460]	0x0A	0x2000944C	uint8_t	
[461]	0x21	0x2000944D	uint8_t	
[462]	0x00	0x2000944E	uint8_t	
[463]	0x5E	0x2000944F	uint8_t	
[464]	0x08	0x20009450	uint8_t	
[465]	0x00	0x20009451	uint8_t	
[466]	0x00	0x20009452	uint8_t	
[467]	0x5C	0x20009453	uint8_t	
[468]	0x01	0x20009454	uint8_t	
[469]	0x00	0x20009455	uint8_t	
[470]	0x00	0x20009456	uint8_t	
[471]	0x1C	0x20009457	uint8_t	
[472]	0x06	0x20009458	uint8_t	
[473]	0x40	0x20009459	uint8_t	
[474]	0x50	0x2000945A	uint8_t	
[475]	0x10	0x2000945B	uint8_t	
[476]	0x0A	0x2000945C	uint8_t	
[477]	0x21	0x2000945D	uint8_t	
[478]	0x00	0x2000945E	uint8_t	
[479]	0x62	0x2000945F	uint8_t	
[480]	0x08	0x20009460	uint8_t	
[481]	0x00	0x20009461	uint8_t	
[482]	0x00	0x20009462	uint8_t	
[483]	0x60	0x20009463	uint8_t	
[484]	0x01	0x20009464	uint8_t	
[485]	0x00	0x20009465	uint8_t	
[486]	0x00	0x20009466	uint8_t	
[487]	0x22	0x20009467	uint8_t	
[488]	0x06	0x20009468	uint8_t	
[489]	0x40	0x20009469	uint8_t	
[490]	0x60	0x2000946A	uint8_t	
[491]	0x10	0x2000946B	uint8_t	
[492]	0x00	0x2000946C	uint8_t	
[493]	0x00	0x2000946D	uint8_t	
[494]	0x00	0x2000946E	uint8_t	
[495]	0x00	0x2000946F	uint8_t	
[496]	0x00	0x20009470	uint8_t	
[497]	0x00	0x20009471	uint8_t	
[498]	0x00	0x20009472	uint8_t	
[499]	0x00	0x20009473	uint8_t	
[500]	0xC0	0x20009474	uint8_t	
[501]	0x00	0x20009475	uint8_t	
[502]	0x20	0x20009476	uint8_t	
[503]	0x00	0x20009477	uint8_t	
[504]	0x80	0x20009478	uint8_t	
[505]	0x00	0x20009479	uint8_t	
[506]	0x00	0x2000947A	uint8_t	
[507]	0x39	0x2000947B	uint8_t	
[508]	0x0D	0x2000947C	uint8_t	
[509]	0x00	0x2000947D	uint8_t	
[510]	0xFF	0x2000947E	uint8_t	
[511]	0xC1	0x2000947F	uint8_t	
[512]	0xC0	0x20009480	uint8_t	
[513]	0x00	0x20009481	uint8_t	
[514]	0x20	0x20009482	uint8_t	
[515]	0x00	0x20009483	uint8_t	
[516]	0x80	0x20009484	uint8_t	
[517]	0x00	0x20009485	uint8_t	
[518]	0x00	0x20009486	uint8_t	
[519]	0x01	0x20009487	uint8_t	
[520]	0x0D	0x20009488	uint8_t	
[521]	0x00	0x20009489	uint8_t	
[522]	0xF4	0x2000948A	uint8_t	
[523]	0x62	0x2000948B	uint8_t	
[524]	0xC0	0x2000948C	uint8_t	
[525]	0x00	0x2000948D	uint8_t	
[526]	0x20	0x2000948E	uint8_t	
[527]	0x00	0x2000948F	uint8_t	
[528]	0x80	0x20009490	uint8_t	
[529]	0x00	0x20009491	uint8_t	
[530]	0x00	0x20009492	uint8_t	
[531]	0x00	0x20009493	uint8_t	
[532]	0x0D	0x20009494	uint8_t	
[533]	0x00	0x20009495	uint8_t	
[534]	0xF4	0x20009496	uint8_t	
[535]	0x62	0x20009497	uint8_t	
[536]	0xC0	0x20009498	uint8_t	
[537]	0x00	0x20009499	uint8_t	
[538]	0x20	0x2000949A	uint8_t	
[539]	0x00	0x2000949B	uint8_t	
[540]	0x80	0x2000949C	uint8_t	
[541]	0x00	0x2000949D	uint8_t	
[542]	0x00	0x2000949E	uint8_t	
[543]	0x02	0x2000949F	uint8_t	
[544]	0x0D	0x200094A0	uint8_t	
[545]	0x00	0x200094A1	uint8_t	
[546]	0xFF	0x200094A2	uint8_t	
[547]	0xD1	0x200094A3	uint8_t	
[548]	0x00	0x200094A4	uint8_t	
[549]	0x00	0x200094A5	uint8_t	
[550]	0x00	0x200094A6	uint8_t	
[551]	0x03	0x200094A7	uint8_t	
[552]	0x0D	0x200094A8	uint8_t	
[553]	0x00	0x200094A9	uint8_t	
[554]	0xFF	0x200094AA	uint8_t	
[555]	0xD2	0x200094AB	uint8_t	
[556]	0x00	0x200094AC	uint8_t	
[557]	0x00	0x200094AD	uint8_t	
[558]	0x00	0x200094AE	uint8_t	
[559]	0x05	0x200094AF	uint8_t	
[560]	0x00	0x200094B0	uint8_t	
[561]	0x00	0x200094B1	uint8_t	
[562]	0x00	0x200094B2	uint8_t	
[563]	0x00	0x200094B3	uint8_t	
[564]	0x00	0x200094B4	uint8_t	
[565]	0x00	0x200094B5	uint8_t	
[566]	0x00	0x200094B6	uint8_t	
[567]	0x00	0x200094B7	uint8_t	
[568]	0x02	0x200094B8	uint8_t	
[569]	0x00	0x200094B9	uint8_t	
[570]	0x06	0x200094BA	uint8_t	
[571]	0xC0	0x200094BB	uint8_t	
[572]	0x00	0x200094BC	uint8_t	
[573]	0x00	0x200094BD	uint8_t	
[574]	0x00	0x200094BE	uint8_t	
[575]	0x00	0x200094BF	uint8_t	
[576]	0x00	0x200094C0	uint8_t	
[577]	0x00	0x200094C1	uint8_t	
[578]	0x00	0x200094C2	uint8_t	
[579]	0x00	0x200094C3	uint8_t	
[580]	0x00	0x200094C4	uint8_t	
[581]	0x00	0x200094C5	uint8_t	
[582]	0x00	0x200094C6	uint8_t	
[583]	0x00	0x200094C7	uint8_t	
[584]	0x02	0x200094C8	uint8_t	
[585]	0x01	0x200094C9	uint8_t	
[586]	0x00	0x200094CA	uint8_t	
[587]	0x30	0x200094CB	uint8_t	
[588]	0x00	0x200094CC	uint8_t	
[589]	0x00	0x200094CD	uint8_t	
[590]	0x00	0x200094CE	uint8_t	
[591]	0x00	0x200094CF	uint8_t	
[592]	0x00	0x200094D0	uint8_t	
[593]	0x00	0x200094D1	uint8_t	
[594]	0x00	0x200094D2	uint8_t	
[595]	0x00	0x200094D3	uint8_t	
[596]	0x02	0x200094D4	uint8_t	
[597]	0x00	0x200094D5	uint8_t	
[598]	0x06	0x200094D6	uint8_t	
[599]	0x81	0x200094D7	uint8_t	
[600]	0x00	0x200094D8	uint8_t	
[601]	0x00	0x200094D9	uint8_t	
[602]	0x00	0x200094DA	uint8_t	
[603]	0x00	0x200094DB	uint8_t	
[604]	0x08	0x200094DC	uint8_t	
[605]	0x9E	0x200094DD	uint8_t	
[606]	0xDC	0x200094DE	uint8_t	
[607]	0xE0	0x200094DF	uint8_t	
[608]	0x08	0x200094E0	uint8_t	
[609]	0x9C	0x200094E1	uint8_t	
[610]	0x00	0x200094E2	uint8_t	
[611]	0x58	0x200094E3	uint8_t	
[612]	0x08	0x200094E4	uint8_t	
[613]	0x9A	0x200094E5	uint8_t	
[614]	0x00	0x200094E6	uint8_t	
[615]	0x54	0x200094E7	uint8_t	
[616]	0x08	0x200094E8	uint8_t	
[617]	0x98	0x200094E9	uint8_t	
[618]	0x00	0x200094EA	uint8_t	
[619]	0x5C	0x200094EB	uint8_t	
[620]	0x00	0x200094EC	uint8_t	
[621]	0x00	0x200094ED	uint8_t	
[622]	0x00	0x200094EE	uint8_t	
[623]	0x00	0x200094EF	uint8_t	
[624]	0xC0	0x200094F0	uint8_t	
[625]	0x00	0x200094F1	uint8_t	
[626]	0x00	0x200094F2	uint8_t	
[627]	0x00	0x200094F3	uint8_t	
[628]	0x82	0x200094F4	uint8_t	
[629]	0x4F	0x200094F5	uint8_t	
[630]	0x00	0x200094F6	uint8_t	
[631]	0x00	0x200094F7	uint8_t	
[632]	0x08	0x200094F8	uint8_t	
[633]	0x8A	0x200094F9	uint8_t	
[634]	0xDC	0x200094FA	uint8_t	
[635]	0xE0	0x200094FB	uint8_t	
[636]	0x0A	0x200094FC	uint8_t	
[637]	0x23	0x200094FD	uint8_t	
[638]	0x00	0x200094FE	uint8_t	
[639]	0x06	0x200094FF	uint8_t	
[640]	0x00	0x20009500	uint8_t	
[641]	0x8C	0x20009501	uint8_t	
[642]	0x20	0x20009502	uint8_t	
[643]	0x00	0x20009503	uint8_t	
[644]	0x0A	0x20009504	uint8_t	
[645]	0xA7	0x20009505	uint8_t	
[646]	0x00	0x20009506	uint8_t	
[647]	0x05	0x20009507	uint8_t	
[648]	0x02	0x20009508	uint8_t	
[649]	0x09	0x20009509	uint8_t	
[650]	0x00	0x2000950A	uint8_t	
[651]	0x54	0x2000950B	uint8_t	
[652]	0xC0	0x2000950C	uint8_t	
[653]	0x00	0x2000950D	uint8_t	
[654]	0x28	0x2000950E	uint8_t	
[655]	0x70	0x2000950F	uint8_t	
[656]	0x80	0x20009510	uint8_t	
[657]	0x00	0x20009511	uint8_t	
[658]	0x60	0x20009512	uint8_t	
[659]	0x00	0x20009513	uint8_t	
[660]	0x00	0x20009514	uint8_t	
[661]	0x8C	0x20009515	uint8_t	
[662]	0x11	0x20009516	uint8_t	
[663]	0x91	0x20009517	uint8_t	
[664]	0x00	0x20009518	uint8_t	
[665]	0x00	0x20009519	uint8_t	
[666]	0x00	0x2000951A	uint8_t	
[667]	0x23	0x2000951B	uint8_t	
[668]	0x00	0x2000951C	uint8_t	
[669]	0x00	0x2000951D	uint8_t	
[670]	0x00	0x2000951E	uint8_t	
[671]	0x00	0x2000951F	uint8_t	
[672]	0x30	0x20009520	uint8_t	
[673]	0x00	0x20009521	uint8_t	
[674]	0xBC	0x20009522	uint8_t	
[675]	0xE9	0x20009523	uint8_t	
[676]	0x00	0x20009524	uint8_t	
[677]	0x00	0x20009525	uint8_t	
[678]	0xC2	0x20009526	uint8_t	
[679]	0xF1	0x20009527	uint8_t	
[680]	0x01	0x20009528	uint8_t	
[681]	0x00	0x20009529	uint8_t	
[682]	0x00	0x2000952A	uint8_t	
[683]	0x53	0x2000952B	uint8_t	
[684]	0x06	0x2000952C	uint8_t	
[685]	0x00	0x2000952D	uint8_t	
[686]	0x50	0x2000952E	uint8_t	
[687]	0x14	0x2000952F	uint8_t	
[688]	0x36	0x20009530	uint8_t	
[689]	0x40	0x20009531	uint8_t	
[690]	0x50	0x20009532	uint8_t	
[691]	0x15	0x20009533	uint8_t	
[692]	0x26	0x20009534	uint8_t	
[693]	0x40	0x20009535	uint8_t	
[694]	0x40	0x20009536	uint8_t	
[695]	0x15	0x20009537	uint8_t	
[696]	0x09	0x20009538	uint8_t	
[697]	0x2B	0x20009539	uint8_t	
[698]	0x00	0x2000953A	uint8_t	
[699]	0x06	0x2000953B	uint8_t	
[700]	0x00	0x2000953C	uint8_t	
[701]	0x00	0x2000953D	uint8_t	
[702]	0x00	0x2000953E	uint8_t	
[703]	0x00	0x2000953F	uint8_t	
[704]	0x0C	0x20009540	uint8_t	
[705]	0x00	0x20009541	uint8_t	
[706]	0x05	0x20009542	uint8_t	
[707]	0x0C	0x20009543	uint8_t	
[708]	0x06	0x20009544	uint8_t	
[709]	0x40	0x20009545	uint8_t	
[710]	0x15	0x20009546	uint8_t	
[711]	0x3E	0x20009547	uint8_t	
[712]	0x0C	0x20009548	uint8_t	
[713]	0x30	0x20009549	uint8_t	
[714]	0xFC	0x2000954A	uint8_t	
[715]	0x30	0x2000954B	uint8_t	
[716]	0x06	0x2000954C	uint8_t	
[717]	0x40	0x2000954D	uint8_t	
[718]	0x10	0x2000954E	uint8_t	
[719]	0x2E	0x2000954F	uint8_t	
[720]	0x06	0x20009550	uint8_t	
[721]	0x40	0x20009551	uint8_t	
[722]	0x90	0x20009552	uint8_t	
[723]	0x1E	0x20009553	uint8_t	
[724]	0x0C	0x20009554	uint8_t	
[725]	0x00	0x20009555	uint8_t	
[726]	0xFC	0x20009556	uint8_t	
[727]	0x40	0x20009557	uint8_t	
[728]	0x06	0x20009558	uint8_t	
[729]	0x40	0x20009559	uint8_t	
[730]	0x10	0x2000955A	uint8_t	
[731]	0x0E	0x2000955B	uint8_t	
[732]	0x0C	0x2000955C	uint8_t	
[733]	0x00	0x2000955D	uint8_t	
[734]	0xFC	0x2000955E	uint8_t	
[735]	0x41	0x2000955F	uint8_t	
[736]	0x06	0x20009560	uint8_t	
[737]	0x40	0x20009561	uint8_t	
[738]	0x10	0x20009562	uint8_t	
[739]	0x4E	0x20009563	uint8_t	
[740]	0x06	0x20009564	uint8_t	
[741]	0x00	0x20009565	uint8_t	
[742]	0x10	0x20009566	uint8_t	
[743]	0x0E	0x20009567	uint8_t	
[744]	0x06	0x20009568	uint8_t	
[745]	0x40	0x20009569	uint8_t	
[746]	0x10	0x2000956A	uint8_t	
[747]	0x7E	0x2000956B	uint8_t	
[748]	0x0D	0x2000956C	uint8_t	
[749]	0x00	0x2000956D	uint8_t	
[750]	0x00	0x2000956E	uint8_t	
[751]	0x70	0x2000956F	uint8_t	
[752]	0x00	0x20009570	uint8_t	
[753]	0x04	0x20009571	uint8_t	
[754]	0x00	0x20009572	uint8_t	
[755]	0x00	0x20009573	uint8_t	
[756]	0x0A	0x20009574	uint8_t	
[757]	0xE1	0x20009575	uint8_t	
[758]	0x00	0x20009576	uint8_t	
[759]	0x67	0x20009577	uint8_t	
[760]	0x0C	0x20009578	uint8_t	
[761]	0x40	0x20009579	uint8_t	
[762]	0x00	0x2000957A	uint8_t	
[763]	0x64	0x2000957B	uint8_t	
[764]	0x00	0x2000957C	uint8_t	
[765]	0x1C	0x2000957D	uint8_t	
[766]	0x80	0x2000957E	uint8_t	
[767]	0x40	0x2000957F	uint8_t	
[768]	0x00	0x20009580	uint8_t	
[769]	0x84	0x20009581	uint8_t	
[770]	0x08	0x20009582	uint8_t	
[771]	0x81	0x20009583	uint8_t	
[772]	0x00	0x20009584	uint8_t	
[773]	0x8C	0x20009585	uint8_t	
[774]	0x18	0x20009586	uint8_t	
[775]	0x89	0x20009587	uint8_t	
[776]	0x0B	0x20009588	uint8_t	
[777]	0xE1	0x20009589	uint8_t	
[778]	0x00	0x2000958A	uint8_t	
[779]	0x67	0x2000958B	uint8_t	
[780]	0x0B	0x2000958C	uint8_t	
[781]	0xA1	0x2000958D	uint8_t	
[782]	0x00	0x2000958E	uint8_t	
[783]	0x6E	0x2000958F	uint8_t	
[784]	0x00	0x20009590	uint8_t	
[785]	0xD7	0x20009591	uint8_t	
[786]	0xED	0x20009592	uint8_t	
[787]	0x08	0x20009593	uint8_t	
[788]	0x0B	0x20009594	uint8_t	
[789]	0xB5	0x20009595	uint8_t	
[790]	0x00	0x20009596	uint8_t	
[791]	0x6F	0x20009597	uint8_t	
[792]	0x06	0x20009598	uint8_t	
[793]	0x00	0x20009599	uint8_t	
[794]	0x10	0x2000959A	uint8_t	
[795]	0x1E	0x2000959B	uint8_t	
[796]	0x06	0x2000959C	uint8_t	
[797]	0x40	0x2000959D	uint8_t	
[798]	0x10	0x2000959E	uint8_t	
[799]	0x5E	0x2000959F	uint8_t	
[800]	0x0D	0x200095A0	uint8_t	
[801]	0x00	0x200095A1	uint8_t	
[802]	0x00	0x200095A2	uint8_t	
[803]	0x7E	0x200095A3	uint8_t	
[804]	0x00	0x200095A4	uint8_t	
[805]	0x04	0x200095A5	uint8_t	
[806]	0x00	0x200095A6	uint8_t	
[807]	0x00	0x200095A7	uint8_t	
[808]	0x0A	0x200095A8	uint8_t	
[809]	0xE1	0x200095A9	uint8_t	
[810]	0x00	0x200095AA	uint8_t	
[811]	0x75	0x200095AB	uint8_t	
[812]	0x0C	0x200095AC	uint8_t	
[813]	0x40	0x200095AD	uint8_t	
[814]	0x00	0x200095AE	uint8_t	
[815]	0x72	0x200095AF	uint8_t	
[816]	0x00	0x200095B0	uint8_t	
[817]	0x1C	0x200095B1	uint8_t	
[818]	0x80	0x200095B2	uint8_t	
[819]	0x40	0x200095B3	uint8_t	
[820]	0x00	0x200095B4	uint8_t	
[821]	0x84	0x200095B5	uint8_t	
[822]	0x08	0x200095B6	uint8_t	
[823]	0x81	0x200095B7	uint8_t	
[824]	0x00	0x200095B8	uint8_t	
[825]	0x8C	0x200095B9	uint8_t	
[826]	0x18	0x200095BA	uint8_t	
[827]	0x89	0x200095BB	uint8_t	
[828]	0x0B	0x200095BC	uint8_t	
[829]	0xE1	0x200095BD	uint8_t	
[830]	0x00	0x200095BE	uint8_t	
[831]	0x75	0x200095BF	uint8_t	
[832]	0x0B	0x200095C0	uint8_t	
[833]	0xA1	0x200095C1	uint8_t	
[834]	0x00	0x200095C2	uint8_t	
[835]	0x7C	0x200095C3	uint8_t	
[836]	0x00	0x200095C4	uint8_t	
[837]	0xD7	0x200095C5	uint8_t	
[838]	0xED	0x200095C6	uint8_t	
[839]	0x08	0x200095C7	uint8_t	
[840]	0x0B	0x200095C8	uint8_t	
[841]	0xB5	0x200095C9	uint8_t	
[842]	0x00	0x200095CA	uint8_t	
[843]	0x7D	0x200095CB	uint8_t	
[844]	0x06	0x200095CC	uint8_t	
[845]	0x00	0x200095CD	uint8_t	
[846]	0x10	0x200095CE	uint8_t	
[847]	0x2E	0x200095CF	uint8_t	
[848]	0x0D	0x200095D0	uint8_t	
[849]	0x00	0x200095D1	uint8_t	
[850]	0xFC	0x200095D2	uint8_t	
[851]	0xF0	0x200095D3	uint8_t	
[852]	0x0C	0x200095D4	uint8_t	
[853]	0x20	0x200095D5	uint8_t	
[854]	0x00	0x200095D6	uint8_t	
[855]	0x80	0x200095D7	uint8_t	
[856]	0x00	0x200095D8	uint8_t	
[857]	0x04	0x200095D9	uint8_t	
[858]	0x40	0x200095DA	uint8_t	
[859]	0x02	0x200095DB	uint8_t	
[860]	0x05	0x200095DC	uint8_t	
[861]	0x0C	0x200095DD	uint8_t	
[862]	0x90	0x200095DE	uint8_t	
[863]	0x3E	0x200095DF	uint8_t	
[864]	0x05	0x200095E0	uint8_t	
[865]	0x2C	0x200095E1	uint8_t	
[866]	0x90	0x200095E2	uint8_t	
[867]	0x4E	0x200095E3	uint8_t	
[868]	0x00	0x200095E4	uint8_t	
[869]	0x84	0x200095E5	uint8_t	
[870]	0x11	0x200095E6	uint8_t	
[871]	0x91	0x200095E7	uint8_t	
[872]	0x00	0x200095E8	uint8_t	
[873]	0x84	0x200095E9	uint8_t	
[874]	0x00	0x200095EA	uint8_t	
[875]	0x01	0x200095EB	uint8_t	
[876]	0x0B	0x200095EC	uint8_t	
[877]	0x61	0x200095ED	uint8_t	
[878]	0x00	0x200095EE	uint8_t	
[879]	0x80	0x200095EF	uint8_t	
[880]	0x05	0x200095F0	uint8_t	
[881]	0x4C	0x200095F1	uint8_t	
[882]	0x10	0x200095F2	uint8_t	
[883]	0x9E	0x200095F3	uint8_t	
[884]	0x05	0x200095F4	uint8_t	
[885]	0x0C	0x200095F5	uint8_t	
[886]	0x10	0x200095F6	uint8_t	
[887]	0x2E	0x200095F7	uint8_t	
[888]	0x05	0x200095F8	uint8_t	
[889]	0x2C	0x200095F9	uint8_t	
[890]	0x10	0x200095FA	uint8_t	
[891]	0x5E	0x200095FB	uint8_t	
[892]	0x00	0x200095FC	uint8_t	
[893]	0x84	0x200095FD	uint8_t	
[894]	0x00	0x200095FE	uint8_t	
[895]	0x08	0x200095FF	uint8_t	
[896]	0x05	0x20009600	uint8_t	
[897]	0x4C	0x20009601	uint8_t	
[898]	0x10	0x20009602	uint8_t	
[899]	0xBE	0x20009603	uint8_t	
[900]	0x06	0x20009604	uint8_t	
[901]	0x00	0x20009605	uint8_t	
[902]	0x10	0x20009606	uint8_t	
[903]	0x5E	0x20009607	uint8_t	
[904]	0x0D	0x20009608	uint8_t	
[905]	0x00	0x20009609	uint8_t	
[906]	0xFC	0x2000960A	uint8_t	
[907]	0xF1	0x2000960B	uint8_t	
[908]	0x0C	0x2000960C	uint8_t	
[909]	0x20	0x2000960D	uint8_t	
[910]	0x00	0x2000960E	uint8_t	
[911]	0x83	0x2000960F	uint8_t	
[912]	0x00	0x20009610	uint8_t	
[913]	0x04	0x20009611	uint8_t	
[914]	0x40	0x20009612	uint8_t	
[915]	0x02	0x20009613	uint8_t	
[916]	0x05	0x20009614	uint8_t	
[917]	0x0C	0x20009615	uint8_t	
[918]	0x90	0x20009616	uint8_t	
[919]	0x6E	0x20009617	uint8_t	
[920]	0x05	0x20009618	uint8_t	
[921]	0x2C	0x20009619	uint8_t	
[922]	0x90	0x2000961A	uint8_t	
[923]	0x7E	0x2000961B	uint8_t	
[924]	0x00	0x2000961C	uint8_t	
[925]	0x84	0x2000961D	uint8_t	
[926]	0x11	0x2000961E	uint8_t	
[927]	0x91	0x2000961F	uint8_t	
[928]	0x00	0x20009620	uint8_t	
[929]	0x84	0x20009621	uint8_t	
[930]	0x00	0x20009622	uint8_t	
[931]	0x01	0x20009623	uint8_t	
[932]	0x0B	0x20009624	uint8_t	
[933]	0x61	0x20009625	uint8_t	
[934]	0x00	0x20009626	uint8_t	
[935]	0x83	0x20009627	uint8_t	
[936]	0x05	0x20009628	uint8_t	
[937]	0x4C	0x20009629	uint8_t	
[938]	0x10	0x2000962A	uint8_t	
[939]	0x8E	0x2000962B	uint8_t	
[940]	0x0C	0x2000962C	uint8_t	
[941]	0x82	0x2000962D	uint8_t	
[942]	0x05	0x2000962E	uint8_t	
[943]	0x0D	0x2000962F	uint8_t	
[944]	0x00	0x20009630	uint8_t	
[945]	0x00	0x20009631	uint8_t	
[946]	0x00	0x20009632	uint8_t	
[947]	0x00	0x20009633	uint8_t	
[948]	0x25	0x20009634	uint8_t	
[949]	0x0C	0x20009635	uint8_t	
[950]	0x10	0x20009636	uint8_t	
[951]	0x8E	0x20009637	uint8_t	
[952]	0x25	0x20009638	uint8_t	
[953]	0x0C	0x20009639	uint8_t	
[954]	0x90	0x2000963A	uint8_t	
[955]	0x9E	0x2000963B	uint8_t	
[956]	0x35	0x2000963C	uint8_t	
[957]	0x0C	0x2000963D	uint8_t	
[958]	0x10	0x2000963E	uint8_t	
[959]	0x7E	0x2000963F	uint8_t	
[960]	0x35	0x20009640	uint8_t	
[961]	0x0C	0x20009641	uint8_t	
[962]	0x90	0x20009642	uint8_t	
[963]	0x4E	0x20009643	uint8_t	
[964]	0x05	0x20009644	uint8_t	
[965]	0x4C	0x20009645	uint8_t	
[966]	0x10	0x20009646	uint8_t	
[967]	0xDE	0x20009647	uint8_t	
[968]	0x05	0x20009648	uint8_t	
[969]	0x4C	0x20009649	uint8_t	
[970]	0x90	0x2000964A	uint8_t	
[971]	0xEE	0x2000964B	uint8_t	
[972]	0x0C	0x2000964C	uint8_t	
[973]	0x20	0x2000964D	uint8_t	
[974]	0x00	0x2000964E	uint8_t	
[975]	0x86	0x2000964F	uint8_t	
[976]	0x00	0x20009650	uint8_t	
[977]	0x04	0x20009651	uint8_t	
[978]	0x40	0x20009652	uint8_t	
[979]	0x02	0x20009653	uint8_t	
[980]	0x05	0x20009654	uint8_t	
[981]	0x0C	0x20009655	uint8_t	
[982]	0x90	0x20009656	uint8_t	
[983]	0xAE	0x20009657	uint8_t	
[984]	0x05	0x20009658	uint8_t	
[985]	0x2C	0x20009659	uint8_t	
[986]	0x90	0x2000965A	uint8_t	
[987]	0xBE	0x2000965B	uint8_t	
[988]	0x00	0x2000965C	uint8_t	
[989]	0x84	0x2000965D	uint8_t	
[990]	0x11	0x2000965E	uint8_t	
[991]	0x91	0x2000965F	uint8_t	
[992]	0x00	0x20009660	uint8_t	
[993]	0x84	0x20009661	uint8_t	
[994]	0x00	0x20009662	uint8_t	
[995]	0x01	0x20009663	uint8_t	
[996]	0x0B	0x20009664	uint8_t	
[997]	0x61	0x20009665	uint8_t	
[998]	0x00	0x20009666	uint8_t	
[999]	0x86	0x20009667	uint8_t	
[1000]	0x05	0x20009668	uint8_t	
[1001]	0x4C	0x20009669	uint8_t	
[1002]	0x10	0x2000966A	uint8_t	
[1003]	0xCE	0x2000966B	uint8_t	
[1004]	0x0C	0x2000966C	uint8_t	
[1005]	0x82	0x2000966D	uint8_t	
[1006]	0x05	0x2000966E	uint8_t	
[1007]	0x0E	0x2000966F	uint8_t	
[1008]	0x0A	0x20009670	uint8_t	
[1009]	0x21	0x20009671	uint8_t	
[1010]	0xDC	0x20009672	uint8_t	
[1011]	0xDC	0x20009673	uint8_t	
[1012]	0x35	0x20009674	uint8_t	
[1013]	0x0C	0x20009675	uint8_t	
[1014]	0x10	0x20009676	uint8_t	
[1015]	0xCE	0x20009677	uint8_t	
[1016]	0x05	0x20009678	uint8_t	
[1017]	0x4C	0x20009679	uint8_t	
[1018]	0x11	0x2000967A	uint8_t	
[1019]	0x1E	0x2000967B	uint8_t	
[1020]	0x05	0x2000967C	uint8_t	
[1021]	0x0C	0x2000967D	uint8_t	
[1022]	0x10	0x2000967E	uint8_t	
[1023]	0xDE	0x2000967F	uint8_t	
[1024]	0x05	0x20009680	uint8_t	
[1025]	0x2C	0x20009681	uint8_t	
[1026]	0x10	0x20009682	uint8_t	
[1027]	0xEE	0x20009683	uint8_t	
[1028]	0x00	0x20009684	uint8_t	
[1029]	0x84	0x20009685	uint8_t	
[1030]	0x00	0x20009686	uint8_t	
[1031]	0x08	0x20009687	uint8_t	
[1032]	0x05	0x20009688	uint8_t	
[1033]	0x4C	0x20009689	uint8_t	
[1034]	0x10	0x2000968A	uint8_t	
[1035]	0xFE	0x2000968B	uint8_t	
[1036]	0x0C	0x2000968C	uint8_t	
[1037]	0x82	0x2000968D	uint8_t	
[1038]	0x05	0x2000968E	uint8_t	
[1039]	0x0F	0x2000968F	uint8_t	
[1040]	0x0A	0x20009690	uint8_t	
[1041]	0x21	0x20009691	uint8_t	
[1042]	0xDC	0x20009692	uint8_t	
[1043]	0xDC	0x20009693	uint8_t	
[1044]	0x35	0x20009694	uint8_t	
[1045]	0x0C	0x20009695	uint8_t	
[1046]	0x10	0x20009696	uint8_t	
[1047]	0xFE	0x20009697	uint8_t	
[1048]	0x05	0x20009698	uint8_t	
[1049]	0x4C	0x20009699	uint8_t	
[1050]	0x11	0x2000969A	uint8_t	
[1051]	0x0E	0x2000969B	uint8_t	
[1052]	0x00	0x2000969C	uint8_t	
[1053]	0x00	0x2000969D	uint8_t	
[1054]	0x00	0x2000969E	uint8_t	
[1055]	0x00	0x2000969F	uint8_t	
[1056]	0x00	0x200096A0	uint8_t	
[1057]	0x00	0x200096A1	uint8_t	
[1058]	0x00	0x200096A2	uint8_t	
[1059]	0x00	0x200096A3	uint8_t	
[1060]	0x00	0x200096A4	uint8_t	
[1061]	0x00	0x200096A5	uint8_t	
[1062]	0x00	0x200096A6	uint8_t	
[1063]	0x00	0x200096A7	uint8_t	
[1064]	0x00	0x200096A8	uint8_t	
[1065]	0x00	0x200096A9	uint8_t	
[1066]	0x00	0x200096AA	uint8_t	
[1067]	0x00	0x200096AB	uint8_t	
[1068]	0x00	0x200096AC	uint8_t	
[1069]	0x00	0x200096AD	uint8_t	
[1070]	0x00	0x200096AE	uint8_t	
[1071]	0x00	0x200096AF	uint8_t	
[1072]	0x00	0x200096B0	uint8_t	
[1073]	0x00	0x200096B1	uint8_t	
[1074]	0x00	0x200096B2	uint8_t	
[1075]	0x00	0x200096B3	uint8_t	
[1076]	0x00	0x200096B4	uint8_t	
[1077]	0x00	0x200096B5	uint8_t	
[1078]	0x00	0x200096B6	uint8_t	
[1079]	0x00	0x200096B7	uint8_t	
[1080]	0x00	0x200096B8	uint8_t	
[1081]	0x00	0x200096B9	uint8_t	
[1082]	0x00	0x200096BA	uint8_t	
[1083]	0x00	0x200096BB	uint8_t	
[1084]	0x00	0x200096BC	uint8_t	
[1085]	0x00	0x200096BD	uint8_t	
[1086]	0x00	0x200096BE	uint8_t	
[1087]	0x00	0x200096BF	uint8_t	
[1088]	0x00	0x200096C0	uint8_t	
[1089]	0x00	0x200096C1	uint8_t	
[1090]	0x00	0x200096C2	uint8_t	
[1091]	0x00	0x200096C3	uint8_t	
[1092]	0x00	0x200096C4	uint8_t	
[1093]	0x00	0x200096C5	uint8_t	
[1094]	0x00	0x200096C6	uint8_t	
[1095]	0x00	0x200096C7	uint8_t	
[1096]	0x00	0x200096C8	uint8_t	
[1097]	0x00	0x200096C9	uint8_t	
[1098]	0x00	0x200096CA	uint8_t	
[1099]	0x00	0x200096CB	uint8_t	
[1100]	0x00	0x200096CC	uint8_t	
[1101]	0x00	0x200096CD	uint8_t	
[1102]	0x00	0x200096CE	uint8_t	
[1103]	0x00	0x200096CF	uint8_t	
[1104]	0x00	0x200096D0	uint8_t	
[1105]	0x00	0x200096D1	uint8_t	
[1106]	0x00	0x200096D2	uint8_t	
[1107]	0x00	0x200096D3	uint8_t	
[1108]	0x00	0x200096D4	uint8_t	
[1109]	0x00	0x200096D5	uint8_t	
[1110]	0x00	0x200096D6	uint8_t	
[1111]	0x00	0x200096D7	uint8_t	
[1112]	0x00	0x200096D8	uint8_t	
[1113]	0x00	0x200096D9	uint8_t	
[1114]	0x00	0x200096DA	uint8_t	
[1115]	0x00	0x200096DB	uint8_t	
[1116]	0x00	0x200096DC	uint8_t	
[1117]	0x00	0x200096DD	uint8_t	
[1118]	0x00	0x200096DE	uint8_t	
[1119]	0x00	0x200096DF	uint8_t	
[1120]	0x00	0x200096E0	uint8_t	
[1121]	0x00	0x200096E1	uint8_t	
[1122]	0x00	0x200096E2	uint8_t	
[1123]	0x00	0x200096E3	uint8_t	
[1124]	0x00	0x200096E4	uint8_t	
[1125]	0x00	0x200096E5	uint8_t	
[1126]	0x00	0x200096E6	uint8_t	
[1127]	0x00	0x200096E7	uint8_t	
[1128]	0x00	0x200096E8	uint8_t	
[1129]	0x00	0x200096E9	uint8_t	
[1130]	0x00	0x200096EA	uint8_t	
[1131]	0x00	0x200096EB	uint8_t	
[1132]	0x00	0x200096EC	uint8_t	
[1133]	0x00	0x200096ED	uint8_t	
[1134]	0x00	0x200096EE	uint8_t	
[1135]	0x00	0x200096EF	uint8_t	
[1136]	0x00	0x200096F0	uint8_t	
[1137]	0x00	0x200096F1	uint8_t	
[1138]	0x00	0x200096F2	uint8_t	
[1139]	0x00	0x200096F3	uint8_t	
[1140]	0x00	0x200096F4	uint8_t	
[1141]	0x00	0x200096F5	uint8_t	
[1142]	0x00	0x200096F6	uint8_t	
[1143]	0x00	0x200096F7	uint8_t	
[1144]	0x00	0x200096F8	uint8_t	
[1145]	0x00	0x200096F9	uint8_t	
[1146]	0x00	0x200096FA	uint8_t	
[1147]	0x00	0x200096FB	uint8_t	
[1148]	0x00	0x200096FC	uint8_t	
[1149]	0x00	0x200096FD	uint8_t	
[1150]	0x00	0x200096FE	uint8_t	
[1151]	0x00	0x200096FF	uint8_t	
[1152]	0x00	0x20009700	uint8_t	
[1153]	0x00	0x20009701	uint8_t	
[1154]	0x00	0x20009702	uint8_t	
[1155]	0x00	0x20009703	uint8_t	
[1156]	0x00	0x20009704	uint8_t	
[1157]	0x00	0x20009705	uint8_t	
[1158]	0x00	0x20009706	uint8_t	
[1159]	0x00	0x20009707	uint8_t	
[1160]	0x00	0x20009708	uint8_t	
[1161]	0x00	0x20009709	uint8_t	
[1162]	0x00	0x2000970A	uint8_t	
[1163]	0x00	0x2000970B	uint8_t	
[1164]	0x00	0x2000970C	uint8_t	
[1165]	0x00	0x2000970D	uint8_t	
[1166]	0x00	0x2000970E	uint8_t	
[1167]	0x00	0x2000970F	uint8_t	
[1168]	0x00	0x20009710	uint8_t	
[1169]	0x00	0x20009711	uint8_t	
[1170]	0x00	0x20009712	uint8_t	
[1171]	0x00	0x20009713	uint8_t	
[1172]	0x00	0x20009714	uint8_t	
[1173]	0x00	0x20009715	uint8_t	
[1174]	0x00	0x20009716	uint8_t	
[1175]	0x00	0x20009717	uint8_t	
[1176]	0x00	0x20009718	uint8_t	
[1177]	0x00	0x20009719	uint8_t	
[1178]	0x00	0x2000971A	uint8_t	
[1179]	0x00	0x2000971B	uint8_t	
[1180]	0x00	0x2000971C	uint8_t	
[1181]	0x00	0x2000971D	uint8_t	
[1182]	0x00	0x2000971E	uint8_t	
[1183]	0x00	0x2000971F	uint8_t	
[1184]	0x00	0x20009720	uint8_t	
[1185]	0x00	0x20009721	uint8_t	
[1186]	0x00	0x20009722	uint8_t	
[1187]	0x00	0x20009723	uint8_t	
[1188]	0x00	0x20009724	uint8_t	
[1189]	0x00	0x20009725	uint8_t	
[1190]	0x00	0x20009726	uint8_t	
[1191]	0x00	0x20009727	uint8_t	
[1192]	0x00	0x20009728	uint8_t	
[1193]	0x00	0x20009729	uint8_t	
[1194]	0x00	0x2000972A	uint8_t	
[1195]	0x00	0x2000972B	uint8_t	
[1196]	0x00	0x2000972C	uint8_t	
[1197]	0x00	0x2000972D	uint8_t	
[1198]	0x00	0x2000972E	uint8_t	
[1199]	0x00	0x2000972F	uint8_t	
[1200]	0x00	0x20009730	uint8_t	
[1201]	0x00	0x20009731	uint8_t	
[1202]	0x00	0x20009732	uint8_t	
[1203]	0x00	0x20009733	uint8_t	
[1204]	0x00	0x20009734	uint8_t	
[1205]	0x00	0x20009735	uint8_t	
[1206]	0x00	0x20009736	uint8_t	
[1207]	0x00	0x20009737	uint8_t	
[1208]	0x00	0x20009738	uint8_t	
[1209]	0x00	0x20009739	uint8_t	
[1210]	0x00	0x2000973A	uint8_t	
[1211]	0x00	0x2000973B	uint8_t	
[1212]	0x00	0x2000973C	uint8_t	
[1213]	0x00	0x2000973D	uint8_t	
[1214]	0x00	0x2000973E	uint8_t	
[1215]	0x00	0x2000973F	uint8_t	
[1216]	0x00	0x20009740	uint8_t	
[1217]	0x00	0x20009741	uint8_t	
[1218]	0x00	0x20009742	uint8_t	
[1219]	0x00	0x20009743	uint8_t	
[1220]	0x00	0x20009744	uint8_t	
[1221]	0x00	0x20009745	uint8_t	
[1222]	0x00	0x20009746	uint8_t	
[1223]	0x00	0x20009747	uint8_t	
[1224]	0x00	0x20009748	uint8_t	
[1225]	0x00	0x20009749	uint8_t	
[1226]	0x00	0x2000974A	uint8_t	
[1227]	0x00	0x2000974B	uint8_t	
[1228]	0x00	0x2000974C	uint8_t	
[1229]	0x00	0x2000974D	uint8_t	
[1230]	0x00	0x2000974E	uint8_t	
[1231]	0x00	0x2000974F	uint8_t	
[1232]	0x00	0x20009750	uint8_t	
[1233]	0x00	0x20009751	uint8_t	
[1234]	0x00	0x20009752	uint8_t	
[1235]	0x00	0x20009753	uint8_t	
[1236]	0x00	0x20009754	uint8_t	
[1237]	0x00	0x20009755	uint8_t	
[1238]	0x00	0x20009756	uint8_t	
[1239]	0x00	0x20009757	uint8_t	
[1240]	0x00	0x20009758	uint8_t	
[1241]	0x00	0x20009759	uint8_t	
[1242]	0x00	0x2000975A	uint8_t	
[1243]	0x00	0x2000975B	uint8_t	
[1244]	0x00	0x2000975C	uint8_t	
[1245]	0x00	0x2000975D	uint8_t	
[1246]	0x00	0x2000975E	uint8_t	
[1247]	0x00	0x2000975F	uint8_t	
[1248]	0x00	0x20009760	uint8_t	
[1249]	0x00	0x20009761	uint8_t	
[1250]	0x00	0x20009762	uint8_t	
[1251]	0x00	0x20009763	uint8_t	
[1252]	0x00	0x20009764	uint8_t	
[1253]	0x00	0x20009765	uint8_t	
[1254]	0x00	0x20009766	uint8_t	
[1255]	0x00	0x20009767	uint8_t	
[1256]	0x00	0x20009768	uint8_t	
[1257]	0x00	0x20009769	uint8_t	
[1258]	0x00	0x2000976A	uint8_t	
[1259]	0x00	0x2000976B	uint8_t	
[1260]	0x00	0x2000976C	uint8_t	
[1261]	0x00	0x2000976D	uint8_t	
[1262]	0x00	0x2000976E	uint8_t	
[1263]	0x00	0x2000976F	uint8_t	
[1264]	0x00	0x20009770	uint8_t	
[1265]	0x00	0x20009771	uint8_t	
[1266]	0x00	0x20009772	uint8_t	
[1267]	0x00	0x20009773	uint8_t	
[1268]	0x00	0x20009774	uint8_t	
[1269]	0x00	0x20009775	uint8_t	
[1270]	0x00	0x20009776	uint8_t	
[1271]	0x00	0x20009777	uint8_t	
[1272]	0x00	0x20009778	uint8_t	
[1273]	0x00	0x20009779	uint8_t	
[1274]	0x00	0x2000977A	uint8_t	
[1275]	0x00	0x2000977B	uint8_t	
[1276]	0x00	0x2000977C	uint8_t	
[1277]	0x00	0x2000977D	uint8_t	
[1278]	0x00	0x2000977E	uint8_t	
[1279]	0x00	0x2000977F	uint8_t	
[1280]	0x00	0x20009780	uint8_t	
[1281]	0x00	0x20009781	uint8_t	
[1282]	0x00	0x20009782	uint8_t	
[1283]	0x00	0x20009783	uint8_t	
[1284]	0x00	0x20009784	uint8_t	
[1285]	0x00	0x20009785	uint8_t	
[1286]	0x00	0x20009786	uint8_t	
[1287]	0x00	0x20009787	uint8_t	
[1288]	0x00	0x20009788	uint8_t	
[1289]	0x00	0x20009789	uint8_t	
[1290]	0x00	0x2000978A	uint8_t	
[1291]	0x00	0x2000978B	uint8_t	
[1292]	0x00	0x2000978C	uint8_t	
[1293]	0x00	0x2000978D	uint8_t	
[1294]	0x00	0x2000978E	uint8_t	
[1295]	0x00	0x2000978F	uint8_t	
[1296]	0x00	0x20009790	uint8_t	
[1297]	0x00	0x20009791	uint8_t	
[1298]	0x00	0x20009792	uint8_t	
[1299]	0x00	0x20009793	uint8_t	
[1300]	0x00	0x20009794	uint8_t	
[1301]	0x00	0x20009795	uint8_t	
[1302]	0x00	0x20009796	uint8_t	
[1303]	0x00	0x20009797	uint8_t	
[1304]	0x00	0x20009798	uint8_t	
[1305]	0x00	0x20009799	uint8_t	
[1306]	0x00	0x2000979A	uint8_t	
[1307]	0x00	0x2000979B	uint8_t	
[1308]	0x00	0x2000979C	uint8_t	
[1309]	0x00	0x2000979D	uint8_t	
[1310]	0x00	0x2000979E	uint8_t	
[1311]	0x00	0x2000979F	uint8_t	
[1312]	0x00	0x200097A0	uint8_t	
[1313]	0x00	0x200097A1	uint8_t	
[1314]	0x00	0x200097A2	uint8_t	
[1315]	0x00	0x200097A3	uint8_t	
[1316]	0x00	0x200097A4	uint8_t	
[1317]	0x00	0x200097A5	uint8_t	
[1318]	0x00	0x200097A6	uint8_t	
[1319]	0x00	0x200097A7	uint8_t	
[1320]	0x00	0x200097A8	uint8_t	
[1321]	0x00	0x200097A9	uint8_t	
[1322]	0x00	0x200097AA	uint8_t	
[1323]	0x00	0x200097AB	uint8_t	
[1324]	0x00	0x200097AC	uint8_t	
[1325]	0x00	0x200097AD	uint8_t	
[1326]	0x00	0x200097AE	uint8_t	
[1327]	0x00	0x200097AF	uint8_t	
[1328]	0x00	0x200097B0	uint8_t	
[1329]	0x00	0x200097B1	uint8_t	
[1330]	0x00	0x200097B2	uint8_t	
[1331]	0x00	0x200097B3	uint8_t	
[1332]	0x00	0x200097B4	uint8_t	
[1333]	0x00	0x200097B5	uint8_t	
[1334]	0x00	0x200097B6	uint8_t	
[1335]	0x00	0x200097B7	uint8_t	
[1336]	0x00	0x200097B8	uint8_t	
[1337]	0x00	0x200097B9	uint8_t	
[1338]	0x00	0x200097BA	uint8_t	
[1339]	0x00	0x200097BB	uint8_t	
[1340]	0x00	0x200097BC	uint8_t	
[1341]	0x00	0x200097BD	uint8_t	
[1342]	0x00	0x200097BE	uint8_t	
[1343]	0x00	0x200097BF	uint8_t	
[1344]	0x00	0x200097C0	uint8_t	
[1345]	0x00	0x200097C1	uint8_t	
[1346]	0x00	0x200097C2	uint8_t	
[1347]	0x00	0x200097C3	uint8_t	
[1348]	0x00	0x200097C4	uint8_t	
[1349]	0x00	0x200097C5	uint8_t	
[1350]	0x00	0x200097C6	uint8_t	
[1351]	0x00	0x200097C7	uint8_t	
[1352]	0x00	0x200097C8	uint8_t	
[1353]	0x00	0x200097C9	uint8_t	
[1354]	0x00	0x200097CA	uint8_t	
[1355]	0x00	0x200097CB	uint8_t	
[1356]	0x00	0x200097CC	uint8_t	
[1357]	0x00	0x200097CD	uint8_t	
[1358]	0x00	0x200097CE	uint8_t	
[1359]	0x00	0x200097CF	uint8_t	
[1360]	0x00	0x200097D0	uint8_t	
[1361]	0x00	0x200097D1	uint8_t	
[1362]	0x00	0x200097D2	uint8_t	
[1363]	0x00	0x200097D3	uint8_t	
[1364]	0x00	0x200097D4	uint8_t	
[1365]	0x00	0x200097D5	uint8_t	
[1366]	0x00	0x200097D6	uint8_t	
[1367]	0x00	0x200097D7	uint8_t	
[1368]	0x00	0x200097D8	uint8_t	
[1369]	0x00	0x200097D9	uint8_t	
[1370]	0x00	0x200097DA	uint8_t	
[1371]	0x00	0x200097DB	uint8_t	
[1372]	0x00	0x200097DC	uint8_t	
[1373]	0x00	0x200097DD	uint8_t	
[1374]	0x00	0x200097DE	uint8_t	
[1375]	0x00	0x200097DF	uint8_t	
[1376]	0x00	0x200097E0	uint8_t	
[1377]	0x00	0x200097E1	uint8_t	
[1378]	0x00	0x200097E2	uint8_t	
[1379]	0x00	0x200097E3	uint8_t	
[1380]	0x00	0x200097E4	uint8_t	
[1381]	0x00	0x200097E5	uint8_t	
[1382]	0x00	0x200097E6	uint8_t	
[1383]	0x00	0x200097E7	uint8_t	
[1384]	0x00	0x200097E8	uint8_t	
[1385]	0x00	0x200097E9	uint8_t	
[1386]	0x00	0x200097EA	uint8_t	
[1387]	0x00	0x200097EB	uint8_t	
[1388]	0x00	0x200097EC	uint8_t	
[1389]	0x00	0x200097ED	uint8_t	
[1390]	0x00	0x200097EE	uint8_t	
[1391]	0x00	0x200097EF	uint8_t	
[1392]	0x00	0x200097F0	uint8_t	
[1393]	0x00	0x200097F1	uint8_t	
[1394]	0x00	0x200097F2	uint8_t	
[1395]	0x00	0x200097F3	uint8_t	
[1396]	0x00	0x200097F4	uint8_t	
[1397]	0x00	0x200097F5	uint8_t	
[1398]	0x00	0x200097F6	uint8_t	
[1399]	0x00	0x200097F7	uint8_t	
[1400]	0x00	0x200097F8	uint8_t	
[1401]	0x00	0x200097F9	uint8_t	
[1402]	0x00	0x200097FA	uint8_t	
[1403]	0x00	0x200097FB	uint8_t	
[1404]	0x00	0x200097FC	uint8_t	
[1405]	0x00	0x200097FD	uint8_t	
[1406]	0x00	0x200097FE	uint8_t	
[1407]	0x00	0x200097FF	uint8_t	
[1408]	0x00	0x20009800	uint8_t	
[1409]	0x00	0x20009801	uint8_t	
[1410]	0x00	0x20009802	uint8_t	
[1411]	0x00	0x20009803	uint8_t	
[1412]	0x00	0x20009804	uint8_t	
[1413]	0x00	0x20009805	uint8_t	
[1414]	0x00	0x20009806	uint8_t	
[1415]	0x00	0x20009807	uint8_t	
[1416]	0x00	0x20009808	uint8_t	
[1417]	0x00	0x20009809	uint8_t	
[1418]	0x00	0x2000980A	uint8_t	
[1419]	0x00	0x2000980B	uint8_t	
[1420]	0x00	0x2000980C	uint8_t	
[1421]	0x00	0x2000980D	uint8_t	
[1422]	0x00	0x2000980E	uint8_t	
[1423]	0x00	0x2000980F	uint8_t	
[1424]	0x00	0x20009810	uint8_t	
[1425]	0x00	0x20009811	uint8_t	
[1426]	0x00	0x20009812	uint8_t	
[1427]	0x00	0x20009813	uint8_t	
[1428]	0x00	0x20009814	uint8_t	
[1429]	0x00	0x20009815	uint8_t	
[1430]	0x00	0x20009816	uint8_t	
[1431]	0x00	0x20009817	uint8_t	
[1432]	0x00	0x20009818	uint8_t	
[1433]	0x00	0x20009819	uint8_t	
[1434]	0x00	0x2000981A	uint8_t	
[1435]	0x00	0x2000981B	uint8_t	
[1436]	0x00	0x2000981C	uint8_t	
[1437]	0x00	0x2000981D	uint8_t	
[1438]	0x00	0x2000981E	uint8_t	
[1439]	0x00	0x2000981F	uint8_t	
[1440]	0x00	0x20009820	uint8_t	
[1441]	0x00	0x20009821	uint8_t	
[1442]	0x00	0x20009822	uint8_t	
[1443]	0x00	0x20009823	uint8_t	
[1444]	0x00	0x20009824	uint8_t	
[1445]	0x00	0x20009825	uint8_t	
[1446]	0x00	0x20009826	uint8_t	
[1447]	0x00	0x20009827	uint8_t	
[1448]	0x00	0x20009828	uint8_t	
[1449]	0x00	0x20009829	uint8_t	
[1450]	0x00	0x2000982A	uint8_t	
[1451]	0x00	0x2000982B	uint8_t	
[1452]	0x00	0x2000982C	uint8_t	
[1453]	0x00	0x2000982D	uint8_t	
[1454]	0x00	0x2000982E	uint8_t	
[1455]	0x00	0x2000982F	uint8_t	
[1456]	0x00	0x20009830	uint8_t	
[1457]	0x00	0x20009831	uint8_t	
[1458]	0x00	0x20009832	uint8_t	
[1459]	0x00	0x20009833	uint8_t	
[1460]	0x00	0x20009834	uint8_t	
[1461]	0x00	0x20009835	uint8_t	
[1462]	0x00	0x20009836	uint8_t	
[1463]	0x00	0x20009837	uint8_t	
[1464]	0x00	0x20009838	uint8_t	
[1465]	0x00	0x20009839	uint8_t	
[1466]	0x00	0x2000983A	uint8_t	
[1467]	0x00	0x2000983B	uint8_t	
[1468]	0x00	0x2000983C	uint8_t	
[1469]	0x00	0x2000983D	uint8_t	
[1470]	0x00	0x2000983E	uint8_t	
[1471]	0x00	0x2000983F	uint8_t	
[1472]	0x00	0x20009840	uint8_t	
[1473]	0x00	0x20009841	uint8_t	
[1474]	0x00	0x20009842	uint8_t	
[1475]	0x00	0x20009843	uint8_t	
[1476]	0x00	0x20009844	uint8_t	
[1477]	0x00	0x20009845	uint8_t	
[1478]	0x00	0x20009846	uint8_t	
[1479]	0x00	0x20009847	uint8_t	
[1480]	0x00	0x20009848	uint8_t	
[1481]	0x00	0x20009849	uint8_t	
[1482]	0x00	0x2000984A	uint8_t	
[1483]	0x00	0x2000984B	uint8_t	
[1484]	0x00	0x2000984C	uint8_t	
[1485]	0x00	0x2000984D	uint8_t	
[1486]	0x00	0x2000984E	uint8_t	
[1487]	0x00	0x2000984F	uint8_t	
[1488]	0x00	0x20009850	uint8_t	
[1489]	0x00	0x20009851	uint8_t	
[1490]	0x00	0x20009852	uint8_t	
[1491]	0x00	0x20009853	uint8_t	
[1492]	0x00	0x20009854	uint8_t	
[1493]	0x00	0x20009855	uint8_t	
[1494]	0x00	0x20009856	uint8_t	
[1495]	0x00	0x20009857	uint8_t	
[1496]	0x00	0x20009858	uint8_t	
[1497]	0x00	0x20009859	uint8_t	
[1498]	0x00	0x2000985A	uint8_t	
[1499]	0x00	0x2000985B	uint8_t	
[1500]	0x00	0x2000985C	uint8_t	
[1501]	0x00	0x2000985D	uint8_t	
[1502]	0x00	0x2000985E	uint8_t	
[1503]	0x00	0x2000985F	uint8_t	
[1504]	0x00	0x20009860	uint8_t	
[1505]	0x00	0x20009861	uint8_t	
[1506]	0x00	0x20009862	uint8_t	
[1507]	0x00	0x20009863	uint8_t	
[1508]	0x00	0x20009864	uint8_t	
[1509]	0x00	0x20009865	uint8_t	
[1510]	0x00	0x20009866	uint8_t	
[1511]	0x00	0x20009867	uint8_t	
[1512]	0x00	0x20009868	uint8_t	
[1513]	0x00	0x20009869	uint8_t	
[1514]	0x00	0x2000986A	uint8_t	
[1515]	0x00	0x2000986B	uint8_t	
[1516]	0x00	0x2000986C	uint8_t	
[1517]	0x00	0x2000986D	uint8_t	
[1518]	0x00	0x2000986E	uint8_t	
[1519]	0x00	0x2000986F	uint8_t	
[1520]	0x00	0x20009870	uint8_t	
[1521]	0x00	0x20009871	uint8_t	
[1522]	0x00	0x20009872	uint8_t	
[1523]	0x00	0x20009873	uint8_t	
[1524]	0x00	0x20009874	uint8_t	
[1525]	0x00	0x20009875	uint8_t	
[1526]	0x00	0x20009876	uint8_t	
[1527]	0x00	0x20009877	uint8_t	
[1528]	0x00	0x20009878	uint8_t	
[1529]	0x00	0x20009879	uint8_t	
[1530]	0x00	0x2000987A	uint8_t	
[1531]	0x00	0x2000987B	uint8_t	
[1532]	0x00	0x2000987C	uint8_t	
[1533]	0x00	0x2000987D	uint8_t	
[1534]	0x00	0x2000987E	uint8_t	
[1535]	0x00	0x2000987F	uint8_t	
[1536]	0x00	0x20009880	uint8_t	
[1537]	0x00	0x20009881	uint8_t	
[1538]	0x00	0x20009882	uint8_t	
[1539]	0x00	0x20009883	uint8_t	
[1540]	0x00	0x20009884	uint8_t	
[1541]	0x00	0x20009885	uint8_t	
[1542]	0x00	0x20009886	uint8_t	
[1543]	0x00	0x20009887	uint8_t	
[1544]	0x00	0x20009888	uint8_t	
[1545]	0x00	0x20009889	uint8_t	
[1546]	0x00	0x2000988A	uint8_t	
[1547]	0x00	0x2000988B	uint8_t	
[1548]	0x00	0x2000988C	uint8_t	
[1549]	0x00	0x2000988D	uint8_t	
[1550]	0x00	0x2000988E	uint8_t	
[1551]	0x00	0x2000988F	uint8_t	
[1552]	0x00	0x20009890	uint8_t	
[1553]	0x00	0x20009891	uint8_t	
[1554]	0x00	0x20009892	uint8_t	
[1555]	0x00	0x20009893	uint8_t	
[1556]	0x00	0x20009894	uint8_t	
[1557]	0x00	0x20009895	uint8_t	
[1558]	0x00	0x20009896	uint8_t	
[1559]	0x00	0x20009897	uint8_t	
[1560]	0x00	0x20009898	uint8_t	
[1561]	0x00	0x20009899	uint8_t	
[1562]	0x00	0x2000989A	uint8_t	
[1563]	0x00	0x2000989B	uint8_t	
[1564]	0x00	0x2000989C	uint8_t	
[1565]	0x00	0x2000989D	uint8_t	
[1566]	0x00	0x2000989E	uint8_t	
[1567]	0x00	0x2000989F	uint8_t	
[1568]	0x00	0x200098A0	uint8_t	
[1569]	0x00	0x200098A1	uint8_t	
[1570]	0x00	0x200098A2	uint8_t	
[1571]	0x00	0x200098A3	uint8_t	
[1572]	0x00	0x200098A4	uint8_t	
[1573]	0x00	0x200098A5	uint8_t	
[1574]	0x00	0x200098A6	uint8_t	
[1575]	0x00	0x200098A7	uint8_t	
[1576]	0x00	0x200098A8	uint8_t	
[1577]	0x00	0x200098A9	uint8_t	
[1578]	0x00	0x200098AA	uint8_t	
[1579]	0x00	0x200098AB	uint8_t	
[1580]	0x00	0x200098AC	uint8_t	
[1581]	0x00	0x200098AD	uint8_t	
[1582]	0x00	0x200098AE	uint8_t	
[1583]	0x00	0x200098AF	uint8_t	
[1584]	0x00	0x200098B0	uint8_t	
[1585]	0x00	0x200098B1	uint8_t	
[1586]	0x00	0x200098B2	uint8_t	
[1587]	0x00	0x200098B3	uint8_t	
[1588]	0x00	0x200098B4	uint8_t	
[1589]	0x00	0x200098B5	uint8_t	
[1590]	0x00	0x200098B6	uint8_t	
[1591]	0x00	0x200098B7	uint8_t	
[1592]	0x00	0x200098B8	uint8_t	
[1593]	0x00	0x200098B9	uint8_t	
[1594]	0x00	0x200098BA	uint8_t	
[1595]	0x00	0x200098BB	uint8_t	
[1596]	0x00	0x200098BC	uint8_t	
[1597]	0x00	0x200098BD	uint8_t	
[1598]	0x00	0x200098BE	uint8_t	
[1599]	0x00	0x200098BF	uint8_t	
[1600]	0x00	0x200098C0	uint8_t	
[1601]	0x00	0x200098C1	uint8_t	
[1602]	0x00	0x200098C2	uint8_t	
[1603]	0x00	0x200098C3	uint8_t	
[1604]	0x00	0x200098C4	uint8_t	
[1605]	0x00	0x200098C5	uint8_t	
[1606]	0x00	0x200098C6	uint8_t	
[1607]	0x00	0x200098C7	uint8_t	
[1608]	0x00	0x200098C8	uint8_t	
[1609]	0x00	0x200098C9	uint8_t	
[1610]	0x00	0x200098CA	uint8_t	
[1611]	0x00	0x200098CB	uint8_t	
[1612]	0x00	0x200098CC	uint8_t	
[1613]	0x00	0x200098CD	uint8_t	
[1614]	0x00	0x200098CE	uint8_t	
[1615]	0x00	0x200098CF	uint8_t	
[1616]	0x00	0x200098D0	uint8_t	
[1617]	0x00	0x200098D1	uint8_t	
[1618]	0x00	0x200098D2	uint8_t	
[1619]	0x00	0x200098D3	uint8_t	
[1620]	0x00	0x200098D4	uint8_t	
[1621]	0x00	0x200098D5	uint8_t	
[1622]	0x00	0x200098D6	uint8_t	
[1623]	0x00	0x200098D7	uint8_t	
[1624]	0x00	0x200098D8	uint8_t	
[1625]	0x00	0x200098D9	uint8_t	
[1626]	0x00	0x200098DA	uint8_t	
[1627]	0x00	0x200098DB	uint8_t	
[1628]	0x00	0x200098DC	uint8_t	
[1629]	0x00	0x200098DD	uint8_t	
[1630]	0x00	0x200098DE	uint8_t	
[1631]	0x00	0x200098DF	uint8_t	
[1632]	0x00	0x200098E0	uint8_t	
[1633]	0x00	0x200098E1	uint8_t	
[1634]	0x00	0x200098E2	uint8_t	
[1635]	0x00	0x200098E3	uint8_t	
[1636]	0x00	0x200098E4	uint8_t	
[1637]	0x00	0x200098E5	uint8_t	
[1638]	0x00	0x200098E6	uint8_t	
[1639]	0x00	0x200098E7	uint8_t	
[1640]	0x00	0x200098E8	uint8_t	
[1641]	0x00	0x200098E9	uint8_t	
[1642]	0x00	0x200098EA	uint8_t	
[1643]	0x00	0x200098EB	uint8_t	
[1644]	0x00	0x200098EC	uint8_t	
[1645]	0x00	0x200098ED	uint8_t	
[1646]	0x00	0x200098EE	uint8_t	
[1647]	0x00	0x200098EF	uint8_t	
[1648]	0x00	0x200098F0	uint8_t	
[1649]	0x00	0x200098F1	uint8_t	
[1650]	0x00	0x200098F2	uint8_t	
[1651]	0x00	0x200098F3	uint8_t	
[1652]	0x00	0x200098F4	uint8_t	
[1653]	0x00	0x200098F5	uint8_t	
[1654]	0x00	0x200098F6	uint8_t	
[1655]	0x00	0x200098F7	uint8_t	
[1656]	0x00	0x200098F8	uint8_t	
[1657]	0x00	0x200098F9	uint8_t	
[1658]	0x00	0x200098FA	uint8_t	
[1659]	0x00	0x200098FB	uint8_t	
[1660]	0x00	0x200098FC	uint8_t	
[1661]	0x00	0x200098FD	uint8_t	
[1662]	0x00	0x200098FE	uint8_t	
[1663]	0x00	0x200098FF	uint8_t	
[1664]	0x00	0x20009900	uint8_t	
[1665]	0x00	0x20009901	uint8_t	
[1666]	0x00	0x20009902	uint8_t	
[1667]	0x00	0x20009903	uint8_t	
[1668]	0x00	0x20009904	uint8_t	
[1669]	0x00	0x20009905	uint8_t	
[1670]	0x00	0x20009906	uint8_t	
[1671]	0x00	0x20009907	uint8_t	
[1672]	0x00	0x20009908	uint8_t	
[1673]	0x00	0x20009909	uint8_t	
[1674]	0x00	0x2000990A	uint8_t	
[1675]	0x00	0x2000990B	uint8_t	
[1676]	0x00	0x2000990C	uint8_t	
[1677]	0x00	0x2000990D	uint8_t	
[1678]	0x00	0x2000990E	uint8_t	
[1679]	0x00	0x2000990F	uint8_t	
[1680]	0x00	0x20009910	uint8_t	
[1681]	0x00	0x20009911	uint8_t	
[1682]	0x00	0x20009912	uint8_t	
[1683]	0x00	0x20009913	uint8_t	
[1684]	0x00	0x20009914	uint8_t	
[1685]	0x00	0x20009915	uint8_t	
[1686]	0x00	0x20009916	uint8_t	
[1687]	0x00	0x20009917	uint8_t	
[1688]	0x00	0x20009918	uint8_t	
[1689]	0x00	0x20009919	uint8_t	
[1690]	0x00	0x2000991A	uint8_t	
[1691]	0x00	0x2000991B	uint8_t	
[1692]	0x00	0x2000991C	uint8_t	
[1693]	0x00	0x2000991D	uint8_t	
[1694]	0x00	0x2000991E	uint8_t	
[1695]	0x00	0x2000991F	uint8_t	
[1696]	0x00	0x20009920	uint8_t	
[1697]	0x00	0x20009921	uint8_t	
[1698]	0x00	0x20009922	uint8_t	
[1699]	0x00	0x20009923	uint8_t	
[1700]	0x00	0x20009924	uint8_t	
[1701]	0x00	0x20009925	uint8_t	
[1702]	0x00	0x20009926	uint8_t	
[1703]	0x00	0x20009927	uint8_t	
[1704]	0x00	0x20009928	uint8_t	
[1705]	0x00	0x20009929	uint8_t	
[1706]	0x00	0x2000992A	uint8_t	
[1707]	0x00	0x2000992B	uint8_t	
[1708]	0x00	0x2000992C	uint8_t	
[1709]	0x00	0x2000992D	uint8_t	
[1710]	0x00	0x2000992E	uint8_t	
[1711]	0x00	0x2000992F	uint8_t	
[1712]	0x00	0x20009930	uint8_t	
[1713]	0x00	0x20009931	uint8_t	
[1714]	0x00	0x20009932	uint8_t	
[1715]	0x00	0x20009933	uint8_t	
[1716]	0x00	0x20009934	uint8_t	
[1717]	0x00	0x20009935	uint8_t	
[1718]	0x00	0x20009936	uint8_t	
[1719]	0x00	0x20009937	uint8_t	
[1720]	0x00	0x20009938	uint8_t	
[1721]	0x00	0x20009939	uint8_t	
[1722]	0x00	0x2000993A	uint8_t	
[1723]	0x00	0x2000993B	uint8_t	
[1724]	0x00	0x2000993C	uint8_t	
[1725]	0x00	0x2000993D	uint8_t	
[1726]	0x00	0x2000993E	uint8_t	
[1727]	0x00	0x2000993F	uint8_t	
[1728]	0x00	0x20009940	uint8_t	
[1729]	0x00	0x20009941	uint8_t	
[1730]	0x00	0x20009942	uint8_t	
[1731]	0x00	0x20009943	uint8_t	
[1732]	0x00	0x20009944	uint8_t	
[1733]	0x00	0x20009945	uint8_t	
[1734]	0x00	0x20009946	uint8_t	
[1735]	0x00	0x20009947	uint8_t	
[1736]	0x00	0x20009948	uint8_t	
[1737]	0x00	0x20009949	uint8_t	
[1738]	0x00	0x2000994A	uint8_t	
[1739]	0x00	0x2000994B	uint8_t	
[1740]	0x00	0x2000994C	uint8_t	
[1741]	0x00	0x2000994D	uint8_t	
[1742]	0x00	0x2000994E	uint8_t	
[1743]	0x00	0x2000994F	uint8_t	
[1744]	0x00	0x20009950	uint8_t	
[1745]	0x00	0x20009951	uint8_t	
[1746]	0x00	0x20009952	uint8_t	
[1747]	0x00	0x20009953	uint8_t	
[1748]	0x00	0x20009954	uint8_t	
[1749]	0x00	0x20009955	uint8_t	
[1750]	0x00	0x20009956	uint8_t	
[1751]	0x00	0x20009957	uint8_t	
[1752]	0x00	0x20009958	uint8_t	
[1753]	0x00	0x20009959	uint8_t	
[1754]	0x00	0x2000995A	uint8_t	
[1755]	0x00	0x2000995B	uint8_t	
[1756]	0x00	0x2000995C	uint8_t	
[1757]	0x00	0x2000995D	uint8_t	
[1758]	0x00	0x2000995E	uint8_t	
[1759]	0x00	0x2000995F	uint8_t	
[1760]	0x00	0x20009960	uint8_t	
[1761]	0x00	0x20009961	uint8_t	
[1762]	0x00	0x20009962	uint8_t	
[1763]	0x00	0x20009963	uint8_t	
[1764]	0x00	0x20009964	uint8_t	
[1765]	0x00	0x20009965	uint8_t	
[1766]	0x00	0x20009966	uint8_t	
[1767]	0x00	0x20009967	uint8_t	
[1768]	0x00	0x20009968	uint8_t	
[1769]	0x00	0x20009969	uint8_t	
[1770]	0x00	0x2000996A	uint8_t	
[1771]	0x00	0x2000996B	uint8_t	
[1772]	0x00	0x2000996C	uint8_t	
[1773]	0x00	0x2000996D	uint8_t	
[1774]	0x00	0x2000996E	uint8_t	
[1775]	0x00	0x2000996F	uint8_t	
[1776]	0x00	0x20009970	uint8_t	
[1777]	0x00	0x20009971	uint8_t	
[1778]	0x00	0x20009972	uint8_t	
[1779]	0x00	0x20009973	uint8_t	
[1780]	0x00	0x20009974	uint8_t	
[1781]	0x00	0x20009975	uint8_t	
[1782]	0x00	0x20009976	uint8_t	
[1783]	0x00	0x20009977	uint8_t	
[1784]	0x00	0x20009978	uint8_t	
[1785]	0x00	0x20009979	uint8_t	
[1786]	0x00	0x2000997A	uint8_t	
[1787]	0x00	0x2000997B	uint8_t	
[1788]	0x00	0x2000997C	uint8_t	
[1789]	0x00	0x2000997D	uint8_t	
[1790]	0x00	0x2000997E	uint8_t	
[1791]	0x00	0x2000997F	uint8_t	
[1792]	0x00	0x20009980	uint8_t	
[1793]	0x00	0x20009981	uint8_t	
[1794]	0x00	0x20009982	uint8_t	
[1795]	0x00	0x20009983	uint8_t	
[1796]	0x00	0x20009984	uint8_t	
[1797]	0x00	0x20009985	uint8_t	
[1798]	0x00	0x20009986	uint8_t	
[1799]	0x00	0x20009987	uint8_t	
[1800]	0x00	0x20009988	uint8_t	
[1801]	0x00	0x20009989	uint8_t	
[1802]	0x00	0x2000998A	uint8_t	
[1803]	0x00	0x2000998B	uint8_t	
[1804]	0x00	0x2000998C	uint8_t	
[1805]	0x00	0x2000998D	uint8_t	
[1806]	0x00	0x2000998E	uint8_t	
[1807]	0x00	0x2000998F	uint8_t	
[1808]	0x00	0x20009990	uint8_t	
[1809]	0x00	0x20009991	uint8_t	
[1810]	0x00	0x20009992	uint8_t	
[1811]	0x00	0x20009993	uint8_t	
[1812]	0x00	0x20009994	uint8_t	
[1813]	0x00	0x20009995	uint8_t	
[1814]	0x00	0x20009996	uint8_t	
[1815]	0x00	0x20009997	uint8_t	
[1816]	0x00	0x20009998	uint8_t	
[1817]	0x00	0x20009999	uint8_t	
[1818]	0x00	0x2000999A	uint8_t	
[1819]	0x00	0x2000999B	uint8_t	
[1820]	0x00	0x2000999C	uint8_t	
[1821]	0x00	0x2000999D	uint8_t	
[1822]	0x00	0x2000999E	uint8_t	
[1823]	0x00	0x2000999F	uint8_t	
[1824]	0x00	0x200099A0	uint8_t	
[1825]	0x00	0x200099A1	uint8_t	
[1826]	0x00	0x200099A2	uint8_t	
[1827]	0x00	0x200099A3	uint8_t	
[1828]	0x00	0x200099A4	uint8_t	
[1829]	0x00	0x200099A5	uint8_t	
[1830]	0x00	0x200099A6	uint8_t	
[1831]	0x00	0x200099A7	uint8_t	
[1832]	0x00	0x200099A8	uint8_t	
[1833]	0x00	0x200099A9	uint8_t	
[1834]	0x00	0x200099AA	uint8_t	
[1835]	0x00	0x200099AB	uint8_t	
[1836]	0x00	0x200099AC	uint8_t	
[1837]	0x00	0x200099AD	uint8_t	
[1838]	0x00	0x200099AE	uint8_t	
[1839]	0x00	0x200099AF	uint8_t	
[1840]	0x00	0x200099B0	uint8_t	
[1841]	0x00	0x200099B1	uint8_t	
[1842]	0x00	0x200099B2	uint8_t	
[1843]	0x00	0x200099B3	uint8_t	
[1844]	0x00	0x200099B4	uint8_t	
[1845]	0x00	0x200099B5	uint8_t	
[1846]	0x00	0x200099B6	uint8_t	
[1847]	0x00	0x200099B7	uint8_t	
[1848]	0x00	0x200099B8	uint8_t	
[1849]	0x00	0x200099B9	uint8_t	
[1850]	0x00	0x200099BA	uint8_t	
[1851]	0x00	0x200099BB	uint8_t	
[1852]	0x00	0x200099BC	uint8_t	
[1853]	0x00	0x200099BD	uint8_t	
[1854]	0x00	0x200099BE	uint8_t	
[1855]	0x00	0x200099BF	uint8_t	
[1856]	0x00	0x200099C0	uint8_t	
[1857]	0x00	0x200099C1	uint8_t	
[1858]	0x00	0x200099C2	uint8_t	
[1859]	0x00	0x200099C3	uint8_t	
[1860]	0x00	0x200099C4	uint8_t	
[1861]	0x00	0x200099C5	uint8_t	
[1862]	0x00	0x200099C6	uint8_t	
[1863]	0x00	0x200099C7	uint8_t	
[1864]	0x00	0x200099C8	uint8_t	
[1865]	0x00	0x200099C9	uint8_t	
[1866]	0x00	0x200099CA	uint8_t	
[1867]	0x00	0x200099CB	uint8_t	
[1868]	0x00	0x200099CC	uint8_t	
[1869]	0x00	0x200099CD	uint8_t	
[1870]	0x00	0x200099CE	uint8_t	
[1871]	0x00	0x200099CF	uint8_t	
[1872]	0x00	0x200099D0	uint8_t	
[1873]	0x00	0x200099D1	uint8_t	
[1874]	0x00	0x200099D2	uint8_t	
[1875]	0x00	0x200099D3	uint8_t	
[1876]	0x00	0x200099D4	uint8_t	
[1877]	0x00	0x200099D5	uint8_t	
[1878]	0x00	0x200099D6	uint8_t	
[1879]	0x00	0x200099D7	uint8_t	
[1880]	0x00	0x200099D8	uint8_t	
[1881]	0x00	0x200099D9	uint8_t	
[1882]	0x00	0x200099DA	uint8_t	
[1883]	0x00	0x200099DB	uint8_t	
[1884]	0x00	0x200099DC	uint8_t	
[1885]	0x00	0x200099DD	uint8_t	
[1886]	0x00	0x200099DE	uint8_t	
[1887]	0x00	0x200099DF	uint8_t	
[1888]	0x00	0x200099E0	uint8_t	
[1889]	0x00	0x200099E1	uint8_t	
[1890]	0x00	0x200099E2	uint8_t	
[1891]	0x00	0x200099E3	uint8_t	
[1892]	0x00	0x200099E4	uint8_t	
[1893]	0x00	0x200099E5	uint8_t	
[1894]	0x00	0x200099E6	uint8_t	
[1895]	0x00	0x200099E7	uint8_t	
[1896]	0x00	0x200099E8	uint8_t	
[1897]	0x00	0x200099E9	uint8_t	
[1898]	0x00	0x200099EA	uint8_t	
[1899]	0x00	0x200099EB	uint8_t	
[1900]	0x00	0x200099EC	uint8_t	
[1901]	0x00	0x200099ED	uint8_t	
[1902]	0x00	0x200099EE	uint8_t	
[1903]	0x00	0x200099EF	uint8_t	
[1904]	0x00	0x200099F0	uint8_t	
[1905]	0x00	0x200099F1	uint8_t	
[1906]	0x00	0x200099F2	uint8_t	
[1907]	0x00	0x200099F3	uint8_t	
[1908]	0x00	0x200099F4	uint8_t	
[1909]	0x00	0x200099F5	uint8_t	
[1910]	0x00	0x200099F6	uint8_t	
[1911]	0x00	0x200099F7	uint8_t	
[1912]	0x00	0x200099F8	uint8_t	
[1913]	0x00	0x200099F9	uint8_t	
[1914]	0x00	0x200099FA	uint8_t	
[1915]	0x00	0x200099FB	uint8_t	
[1916]	0x00	0x200099FC	uint8_t	
[1917]	0x00	0x200099FD	uint8_t	
[1918]	0x00	0x200099FE	uint8_t	
[1919]	0x00	0x200099FF	uint8_t	
[1920]	0x00	0x20009A00	uint8_t	
[1921]	0x00	0x20009A01	uint8_t	
[1922]	0x00	0x20009A02	uint8_t	
[1923]	0x00	0x20009A03	uint8_t	
[1924]	0x00	0x20009A04	uint8_t	
[1925]	0x00	0x20009A05	uint8_t	
[1926]	0x00	0x20009A06	uint8_t	
[1927]	0x00	0x20009A07	uint8_t	
[1928]	0x00	0x20009A08	uint8_t	
[1929]	0x00	0x20009A09	uint8_t	
[1930]	0x00	0x20009A0A	uint8_t	
[1931]	0x00	0x20009A0B	uint8_t	
[1932]	0x00	0x20009A0C	uint8_t	
[1933]	0x00	0x20009A0D	uint8_t	
[1934]	0x00	0x20009A0E	uint8_t	
[1935]	0x00	0x20009A0F	uint8_t	
[1936]	0x00	0x20009A10	uint8_t	
[1937]	0x00	0x20009A11	uint8_t	
[1938]	0x00	0x20009A12	uint8_t	
[1939]	0x00	0x20009A13	uint8_t	
[1940]	0x00	0x20009A14	uint8_t	
[1941]	0x00	0x20009A15	uint8_t	
[1942]	0x00	0x20009A16	uint8_t	
[1943]	0x00	0x20009A17	uint8_t	
[1944]	0x00	0x20009A18	uint8_t	
[1945]	0x00	0x20009A19	uint8_t	
[1946]	0x00	0x20009A1A	uint8_t	
[1947]	0x00	0x20009A1B	uint8_t	
[1948]	0x00	0x20009A1C	uint8_t	
[1949]	0x00	0x20009A1D	uint8_t	
[1950]	0x00	0x20009A1E	uint8_t	
[1951]	0x00	0x20009A1F	uint8_t	
[1952]	0x00	0x20009A20	uint8_t	
[1953]	0x00	0x20009A21	uint8_t	
[1954]	0x00	0x20009A22	uint8_t	
[1955]	0x00	0x20009A23	uint8_t	
[1956]	0x00	0x20009A24	uint8_t	
[1957]	0x00	0x20009A25	uint8_t	
[1958]	0x00	0x20009A26	uint8_t	
[1959]	0x00	0x20009A27	uint8_t	
[1960]	0x00	0x20009A28	uint8_t	
[1961]	0x00	0x20009A29	uint8_t	
[1962]	0x00	0x20009A2A	uint8_t	
[1963]	0x00	0x20009A2B	uint8_t	
[1964]	0x00	0x20009A2C	uint8_t	
[1965]	0x00	0x20009A2D	uint8_t	
[1966]	0x00	0x20009A2E	uint8_t	
[1967]	0x00	0x20009A2F	uint8_t	
[1968]	0x00	0x20009A30	uint8_t	
[1969]	0x00	0x20009A31	uint8_t	
[1970]	0x00	0x20009A32	uint8_t	
[1971]	0x00	0x20009A33	uint8_t	
[1972]	0x00	0x20009A34	uint8_t	
[1973]	0x00	0x20009A35	uint8_t	
[1974]	0x00	0x20009A36	uint8_t	
[1975]	0x00	0x20009A37	uint8_t	
[1976]	0x00	0x20009A38	uint8_t	
[1977]	0x00	0x20009A39	uint8_t	
[1978]	0x00	0x20009A3A	uint8_t	
[1979]	0x00	0x20009A3B	uint8_t	
[1980]	0x00	0x20009A3C	uint8_t	
[1981]	0x00	0x20009A3D	uint8_t	
[1982]	0x00	0x20009A3E	uint8_t	
[1983]	0x00	0x20009A3F	uint8_t	
[1984]	0x00	0x20009A40	uint8_t	
[1985]	0x00	0x20009A41	uint8_t	
[1986]	0x00	0x20009A42	uint8_t	
[1987]	0x00	0x20009A43	uint8_t	
[1988]	0x00	0x20009A44	uint8_t	
[1989]	0x00	0x20009A45	uint8_t	
[1990]	0x00	0x20009A46	uint8_t	
[1991]	0x00	0x20009A47	uint8_t	
[1992]	0x00	0x20009A48	uint8_t	
[1993]	0x00	0x20009A49	uint8_t	
[1994]	0x00	0x20009A4A	uint8_t	
[1995]	0x00	0x20009A4B	uint8_t	
[1996]	0x00	0x20009A4C	uint8_t	
[1997]	0x00	0x20009A4D	uint8_t	
[1998]	0x00	0x20009A4E	uint8_t	
[1999]	0x00	0x20009A4F	uint8_t	
[2000]	0x00	0x20009A50	uint8_t	
[2001]	0x00	0x20009A51	uint8_t	
[2002]	0x00	0x20009A52	uint8_t	
[2003]	0x00	0x20009A53	uint8_t	
[2004]	0x00	0x20009A54	uint8_t	
[2005]	0x00	0x20009A55	uint8_t	
[2006]	0x00	0x20009A56	uint8_t	
[2007]	0x00	0x20009A57	uint8_t	
[2008]	0x00	0x20009A58	uint8_t	
[2009]	0x00	0x20009A59	uint8_t	
[2010]	0x00	0x20009A5A	uint8_t	
[2011]	0x00	0x20009A5B	uint8_t	
[2012]	0x00	0x20009A5C	uint8_t	
[2013]	0x00	0x20009A5D	uint8_t	
[2014]	0x00	0x20009A5E	uint8_t	
[2015]	0x00	0x20009A5F	uint8_t	
[2016]	0x00	0x20009A60	uint8_t	
[2017]	0x00	0x20009A61	uint8_t	
[2018]	0x00	0x20009A62	uint8_t	
[2019]	0x00	0x20009A63	uint8_t	
[2020]	0x00	0x20009A64	uint8_t	
[2021]	0x00	0x20009A65	uint8_t	
[2022]	0x00	0x20009A66	uint8_t	
[2023]	0x00	0x20009A67	uint8_t	
[2024]	0x00	0x20009A68	uint8_t	
[2025]	0x00	0x20009A69	uint8_t	
[2026]	0x00	0x20009A6A	uint8_t	
[2027]	0x00	0x20009A6B	uint8_t	
[2028]	0x00	0x20009A6C	uint8_t	
[2029]	0x00	0x20009A6D	uint8_t	
[2030]	0x00	0x20009A6E	uint8_t	
[2031]	0x00	0x20009A6F	uint8_t	
[2032]	0x00	0x20009A70	uint8_t	
[2033]	0x00	0x20009A71	uint8_t	
[2034]	0x00	0x20009A72	uint8_t	
[2035]	0x00	0x20009A73	uint8_t	
[2036]	0x00	0x20009A74	uint8_t	
[2037]	0x00	0x20009A75	uint8_t	
[2038]	0x00	0x20009A76	uint8_t	
[2039]	0x00	0x20009A77	uint8_t	
[2040]	0x00	0x20009A78	uint8_t	
[2041]	0x00	0x20009A79	uint8_t	
[2042]	0x00	0x20009A7A	uint8_t	
[2043]	0x00	0x20009A7B	uint8_t	
[2044]	0x00	0x20009A7C	uint8_t	
[2045]	0x00	0x20009A7D	uint8_t	
[2046]	0x00	0x20009A7E	uint8_t	
[2047]	0x00	0x20009A7F	uint8_t	
[1]	<array>"KSM;ACK;245"	0x20009A80	uint8_t[2048]	
KSM_cmd	<array>"d"	0x2000BEC8	uint8_t[32]	
pps	Error: non-readable. 			
di	Error: non-readable. 			
